python main.py --cuda --model Transformer --epochs 10 --emsize 256 --nhid 1024 --nlayers 6 --nhead 8 --save model_3.pt
| epoch   1 |   200/ 2983 batches | lr 0.00005 | ms/batch 190.79 | loss  9.04 | ppl 10250.11
| epoch   1 |   400/ 2983 batches | lr 0.00010 | ms/batch 191.70 | loss  7.26 | ppl  1572.79
| epoch   1 |   600/ 2983 batches | lr 0.00015 | ms/batch 187.49 | loss  6.92 | ppl  1425.02
| epoch   1 |   800/ 2983 batches | lr 0.00020 | ms/batch 188.24 | loss  7.01 | ppl  1210.62
| epoch   1 |  1000/ 2983 batches | lr 0.00025 | ms/batch 185.86 | loss  6.69 | ppl   994.82
| epoch   1 |  1200/ 2983 batches | lr 0.00030 | ms/batch 186.83 | loss  6.66 | ppl  1036.09
| epoch   1 |  1400/ 2983 batches | lr 0.00035 | ms/batch 186.34 | loss  6.41 | ppl   758.86
| epoch   1 |  1600/ 2983 batches | lr 0.00040 | ms/batch 186.08 | loss  5.88 | ppl   489.91
| epoch   1 |  1800/ 2983 batches | lr 0.00044 | ms/batch 191.39 | loss  5.42 | ppl   315.31
| epoch   1 |  2000/ 2983 batches | lr 0.00049 | ms/batch 191.59 | loss  4.59 | ppl   126.99
| epoch   1 |  2200/ 2983 batches | lr 0.00054 | ms/batch 192.03 | loss  4.27 | ppl    86.77
| epoch   1 |  2400/ 2983 batches | lr 0.00059 | ms/batch 190.96 | loss  3.92 | ppl    56.99
| epoch   1 |  2600/ 2983 batches | lr 0.00064 | ms/batch 187.22 | loss  3.47 | ppl    36.66
| epoch   1 |  2800/ 2983 batches | lr 0.00069 | ms/batch 188.35 | loss  3.12 | ppl    25.69
-----------------------------------------------------------------------------------------
| end of epoch   1 | time: 584.46s | valid loss  2.54 | valid ppl    18.08
-----------------------------------------------------------------------------------------
| epoch   2 |   200/ 2983 batches | lr 0.00079 | ms/batch 187.06 | loss  2.53 | ppl    17.75
| epoch   2 |   400/ 2983 batches | lr 0.00084 | ms/batch 188.66 | loss  2.67 | ppl    16.59
| epoch   2 |   600/ 2983 batches | lr 0.00089 | ms/batch 187.72 | loss  2.13 | ppl    13.06
| epoch   2 |   800/ 2983 batches | lr 0.00094 | ms/batch 191.21 | loss  2.42 | ppl    12.48
| epoch   2 |  1000/ 2983 batches | lr 0.00098 | ms/batch 186.55 | loss  2.08 | ppl     9.96
| epoch   2 |  1200/ 2983 batches | lr 0.00097 | ms/batch 195.09 | loss  2.04 | ppl    10.72
| epoch   2 |  1400/ 2983 batches | lr 0.00094 | ms/batch 186.11 | loss  2.06 | ppl    10.49
| epoch   2 |  1600/ 2983 batches | lr 0.00092 | ms/batch 191.23 | loss  1.58 | ppl     7.73
| epoch   2 |  1800/ 2983 batches | lr 0.00090 | ms/batch 187.83 | loss  1.57 | ppl     7.55
| epoch   2 |  2000/ 2983 batches | lr 0.00089 | ms/batch 183.98 | loss  1.60 | ppl     7.15
| epoch   2 |  2200/ 2983 batches | lr 0.00087 | ms/batch 184.62 | loss  1.42 | ppl     5.17
| epoch   2 |  2400/ 2983 batches | lr 0.00085 | ms/batch 184.30 | loss  1.63 | ppl     5.90
| epoch   2 |  2600/ 2983 batches | lr 0.00084 | ms/batch 186.38 | loss  1.38 | ppl     4.61
| epoch   2 |  2800/ 2983 batches | lr 0.00082 | ms/batch 186.15 | loss  1.27 | ppl     4.04
-----------------------------------------------------------------------------------------
| end of epoch   2 | time: 580.60s | valid loss  1.14 | valid ppl     4.55
-----------------------------------------------------------------------------------------
| epoch   3 |   200/ 2983 batches | lr 0.00080 | ms/batch 186.79 | loss  1.15 | ppl     4.64
| epoch   3 |   400/ 2983 batches | lr 0.00078 | ms/batch 186.69 | loss  1.44 | ppl     5.09
| epoch   3 |   600/ 2983 batches | lr 0.00077 | ms/batch 187.93 | loss  1.33 | ppl     6.33
| epoch   3 |   800/ 2983 batches | lr 0.00076 | ms/batch 184.57 | loss  1.36 | ppl     4.36
| epoch   3 |  1000/ 2983 batches | lr 0.00075 | ms/batch 190.41 | loss  1.27 | ppl     4.67
| epoch   3 |  1200/ 2983 batches | lr 0.00074 | ms/batch 188.12 | loss  1.45 | ppl     5.90
| epoch   3 |  1400/ 2983 batches | lr 0.00073 | ms/batch 184.99 | loss  1.41 | ppl     5.48
| epoch   3 |  1600/ 2983 batches | lr 0.00072 | ms/batch 184.61 | loss  1.04 | ppl     4.49
| epoch   3 |  1800/ 2983 batches | lr 0.00071 | ms/batch 187.08 | loss  1.17 | ppl     5.17
| epoch   3 |  2000/ 2983 batches | lr 0.00070 | ms/batch 187.21 | loss  1.24 | ppl     5.06
| epoch   3 |  2200/ 2983 batches | lr 0.00069 | ms/batch 186.48 | loss  1.22 | ppl     4.45
| epoch   3 |  2400/ 2983 batches | lr 0.00068 | ms/batch 185.29 | loss  1.33 | ppl     4.41
| epoch   3 |  2600/ 2983 batches | lr 0.00068 | ms/batch 182.86 | loss  1.08 | ppl     3.39
| epoch   3 |  2800/ 2983 batches | lr 0.00067 | ms/batch 187.56 | loss  1.00 | ppl     3.15
-----------------------------------------------------------------------------------------
| end of epoch   3 | time: 576.22s | valid loss  0.99 | valid ppl     4.05
-----------------------------------------------------------------------------------------
| epoch   4 |   200/ 2983 batches | lr 0.00065 | ms/batch 187.49 | loss  1.08 | ppl     4.23
| epoch   4 |   400/ 2983 batches | lr 0.00065 | ms/batch 182.92 | loss  1.26 | ppl     4.17
| epoch   4 |   600/ 2983 batches | lr 0.00064 | ms/batch 184.43 | loss  1.08 | ppl     4.79
| epoch   4 |   800/ 2983 batches | lr 0.00063 | ms/batch 183.52 | loss  1.25 | ppl     3.89
| epoch   4 |  1000/ 2983 batches | lr 0.00063 | ms/batch 186.51 | loss  1.19 | ppl     4.43
| epoch   4 |  1200/ 2983 batches | lr 0.00062 | ms/batch 184.72 | loss  1.23 | ppl     5.01
| epoch   4 |  1400/ 2983 batches | lr 0.00061 | ms/batch 184.46 | loss  1.27 | ppl     4.79
| epoch   4 |  1600/ 2983 batches | lr 0.00061 | ms/batch 184.11 | loss  1.09 | ppl     4.81
| epoch   4 |  1800/ 2983 batches | lr 0.00060 | ms/batch 185.44 | loss  1.12 | ppl     5.12
| epoch   4 |  2000/ 2983 batches | lr 0.00060 | ms/batch 182.81 | loss  1.16 | ppl     4.78
| epoch   4 |  2200/ 2983 batches | lr 0.00059 | ms/batch 184.34 | loss  1.02 | ppl     3.68
| epoch   4 |  2400/ 2983 batches | lr 0.00059 | ms/batch 184.19 | loss  1.20 | ppl     3.88
| epoch   4 |  2600/ 2983 batches | lr 0.00058 | ms/batch 183.16 | loss  0.99 | ppl     3.12
| epoch   4 |  2800/ 2983 batches | lr 0.00058 | ms/batch 186.04 | loss  0.92 | ppl     2.91
-----------------------------------------------------------------------------------------
| end of epoch   4 | time: 571.50s | valid loss  0.91 | valid ppl     3.82
-----------------------------------------------------------------------------------------
| epoch   5 |   200/ 2983 batches | lr 0.00057 | ms/batch 186.24 | loss  0.92 | ppl     3.69
| epoch   5 |   400/ 2983 batches | lr 0.00056 | ms/batch 185.26 | loss  1.19 | ppl     3.88
| epoch   5 |   600/ 2983 batches | lr 0.00056 | ms/batch 183.68 | loss  1.09 | ppl     5.00
| epoch   5 |   800/ 2983 batches | lr 0.00055 | ms/batch 185.37 | loss  1.09 | ppl     3.34
| epoch   5 |  1000/ 2983 batches | lr 0.00055 | ms/batch 183.44 | loss  1.04 | ppl     3.97
| epoch   5 |  1200/ 2983 batches | lr 0.00055 | ms/batch 183.79 | loss  1.04 | ppl     4.21
| epoch   5 |  1400/ 2983 batches | lr 0.00054 | ms/batch 184.22 | loss  1.29 | ppl     5.03
| epoch   5 |  1600/ 2983 batches | lr 0.00054 | ms/batch 184.19 | loss  1.10 | ppl     4.87
| epoch   5 |  1800/ 2983 batches | lr 0.00053 | ms/batch 183.39 | loss  1.13 | ppl     5.19
| epoch   5 |  2000/ 2983 batches | lr 0.00053 | ms/batch 184.27 | loss  1.01 | ppl     4.04
| epoch   5 |  2200/ 2983 batches | lr 0.00053 | ms/batch 183.47 | loss  0.94 | ppl     3.42
| epoch   5 |  2400/ 2983 batches | lr 0.00052 | ms/batch 184.99 | loss  1.12 | ppl     3.64
| epoch   5 |  2600/ 2983 batches | lr 0.00052 | ms/batch 185.87 | loss  0.95 | ppl     3.03
| epoch   5 |  2800/ 2983 batches | lr 0.00051 | ms/batch 188.26 | loss  0.91 | ppl     2.91
-----------------------------------------------------------------------------------------
| end of epoch   5 | time: 573.27s | valid loss  0.88 | valid ppl     3.76
-----------------------------------------------------------------------------------------
| epoch   6 |   200/ 2983 batches | lr 0.00051 | ms/batch 192.33 | loss  0.93 | ppl     3.81
| epoch   6 |   400/ 2983 batches | lr 0.00050 | ms/batch 185.57 | loss  1.08 | ppl     3.55
| epoch   6 |   600/ 2983 batches | lr 0.00050 | ms/batch 184.85 | loss  0.98 | ppl     4.59
| epoch   6 |   800/ 2983 batches | lr 0.00050 | ms/batch 185.33 | loss  1.07 | ppl     3.31
| epoch   6 |  1000/ 2983 batches | lr 0.00050 | ms/batch 184.28 | loss  1.01 | ppl     3.76
| epoch   6 |  1200/ 2983 batches | lr 0.00049 | ms/batch 183.11 | loss  1.13 | ppl     4.84
| epoch   6 |  1400/ 2983 batches | lr 0.00049 | ms/batch 184.37 | loss  1.27 | ppl     4.95
| epoch   6 |  1600/ 2983 batches | lr 0.00049 | ms/batch 183.13 | loss  1.04 | ppl     4.79
| epoch   6 |  1800/ 2983 batches | lr 0.00048 | ms/batch 182.11 | loss  1.03 | ppl     4.77
| epoch   6 |  2000/ 2983 batches | lr 0.00048 | ms/batch 182.73 | loss  0.96 | ppl     3.92
| epoch   6 |  2200/ 2983 batches | lr 0.00048 | ms/batch 183.28 | loss  0.92 | ppl     3.38
| epoch   6 |  2400/ 2983 batches | lr 0.00047 | ms/batch 182.46 | loss  1.08 | ppl     3.49
| epoch   6 |  2600/ 2983 batches | lr 0.00047 | ms/batch 181.51 | loss  0.87 | ppl     2.84
| epoch   6 |  2800/ 2983 batches | lr 0.00047 | ms/batch 184.29 | loss  0.88 | ppl     2.84
-----------------------------------------------------------------------------------------
| end of epoch   6 | time: 569.68s | valid loss  0.84 | valid ppl     3.67
-----------------------------------------------------------------------------------------
| epoch   7 |   200/ 2983 batches | lr 0.00046 | ms/batch 184.31 | loss  0.90 | ppl     3.69
| epoch   7 |   400/ 2983 batches | lr 0.00046 | ms/batch 184.20 | loss  1.08 | ppl     3.48
| epoch   7 |   600/ 2983 batches | lr 0.00046 | ms/batch 181.12 | loss  1.00 | ppl     4.68
| epoch   7 |   800/ 2983 batches | lr 0.00046 | ms/batch 181.08 | loss  1.09 | ppl     3.38
| epoch   7 |  1000/ 2983 batches | lr 0.00045 | ms/batch 183.07 | loss  1.04 | ppl     3.96
| epoch   7 |  1200/ 2983 batches | lr 0.00045 | ms/batch 180.98 | loss  1.12 | ppl     4.74
| epoch   7 |  1400/ 2983 batches | lr 0.00045 | ms/batch 183.10 | loss  1.31 | ppl     5.23
| epoch   7 |  1600/ 2983 batches | lr 0.00045 | ms/batch 184.56 | loss  1.01 | ppl     4.54
| epoch   7 |  1800/ 2983 batches | lr 0.00045 | ms/batch 181.92 | loss  0.99 | ppl     4.76
| epoch   7 |  2000/ 2983 batches | lr 0.00044 | ms/batch 180.90 | loss  0.86 | ppl     3.59
| epoch   7 |  2200/ 2983 batches | lr 0.00044 | ms/batch 182.80 | loss  0.95 | ppl     3.50
| epoch   7 |  2400/ 2983 batches | lr 0.00044 | ms/batch 182.29 | loss  1.05 | ppl     3.39
| epoch   7 |  2600/ 2983 batches | lr 0.00044 | ms/batch 182.10 | loss  0.92 | ppl     2.98
| epoch   7 |  2800/ 2983 batches | lr 0.00043 | ms/batch 182.76 | loss  0.90 | ppl     2.91
-----------------------------------------------------------------------------------------
| end of epoch   7 | time: 565.08s | valid loss  0.82 | valid ppl     3.54
-----------------------------------------------------------------------------------------
| epoch   8 |   200/ 2983 batches | lr 0.00043 | ms/batch 186.95 | loss  0.84 | ppl     3.56
| epoch   8 |   400/ 2983 batches | lr 0.00043 | ms/batch 186.54 | loss  1.03 | ppl     3.41
| epoch   8 |   600/ 2983 batches | lr 0.00043 | ms/batch 182.23 | loss  0.95 | ppl     4.68
| epoch   8 |   800/ 2983 batches | lr 0.00042 | ms/batch 185.05 | loss  1.00 | ppl     3.13
| epoch   8 |  1000/ 2983 batches | lr 0.00042 | ms/batch 179.09 | loss  0.99 | ppl     3.84
| epoch   8 |  1200/ 2983 batches | lr 0.00042 | ms/batch 183.07 | loss  1.03 | ppl     4.46
| epoch   8 |  1400/ 2983 batches | lr 0.00042 | ms/batch 183.39 | loss  1.20 | ppl     4.70
| epoch   8 |  1600/ 2983 batches | lr 0.00042 | ms/batch 182.93 | loss  0.96 | ppl     4.41
| epoch   8 |  1800/ 2983 batches | lr 0.00041 | ms/batch 182.32 | loss  0.94 | ppl     4.60
| epoch   8 |  2000/ 2983 batches | lr 0.00041 | ms/batch 186.64 | loss  0.89 | ppl     3.83
| epoch   8 |  2200/ 2983 batches | lr 0.00041 | ms/batch 185.85 | loss  0.91 | ppl     3.35
| epoch   8 |  2400/ 2983 batches | lr 0.00041 | ms/batch 184.08 | loss  1.03 | ppl     3.34
| epoch   8 |  2600/ 2983 batches | lr 0.00041 | ms/batch 183.78 | loss  0.86 | ppl     2.76
| epoch   8 |  2800/ 2983 batches | lr 0.00041 | ms/batch 183.09 | loss  0.84 | ppl     2.77
-----------------------------------------------------------------------------------------
| end of epoch   8 | time: 569.59s | valid loss  0.80 | valid ppl     3.60
-----------------------------------------------------------------------------------------
| epoch   9 |   200/ 2983 batches | lr 0.00040 | ms/batch 183.69 | loss  0.78 | ppl     3.44
| epoch   9 |   400/ 2983 batches | lr 0.00040 | ms/batch 186.81 | loss  1.00 | ppl     3.26
| epoch   9 |   600/ 2983 batches | lr 0.00040 | ms/batch 184.98 | loss  0.93 | ppl     4.71
| epoch   9 |   800/ 2983 batches | lr 0.00040 | ms/batch 181.56 | loss  1.02 | ppl     3.14
| epoch   9 |  1000/ 2983 batches | lr 0.00040 | ms/batch 181.38 | loss  0.97 | ppl     3.74
| epoch   9 |  1200/ 2983 batches | lr 0.00039 | ms/batch 183.91 | loss  1.13 | ppl     4.87
| epoch   9 |  1400/ 2983 batches | lr 0.00039 | ms/batch 186.01 | loss  1.27 | ppl     5.14
| epoch   9 |  1600/ 2983 batches | lr 0.00039 | ms/batch 186.99 | loss  0.93 | ppl     4.23
| epoch   9 |  1800/ 2983 batches | lr 0.00039 | ms/batch 182.93 | loss  0.94 | ppl     4.54
| epoch   9 |  2000/ 2983 batches | lr 0.00039 | ms/batch 182.91 | loss  0.87 | ppl     3.74
| epoch   9 |  2200/ 2983 batches | lr 0.00039 | ms/batch 188.74 | loss  0.93 | ppl     3.48
| epoch   9 |  2400/ 2983 batches | lr 0.00039 | ms/batch 188.01 | loss  1.04 | ppl     3.36
| epoch   9 |  2600/ 2983 batches | lr 0.00038 | ms/batch 186.43 | loss  0.88 | ppl     2.86
| epoch   9 |  2800/ 2983 batches | lr 0.00038 | ms/batch 182.15 | loss  0.85 | ppl     2.80
-----------------------------------------------------------------------------------------
| end of epoch   9 | time: 571.28s | valid loss  0.78 | valid ppl     3.56
-----------------------------------------------------------------------------------------
| epoch  10 |   200/ 2983 batches | lr 0.00038 | ms/batch 185.78 | loss  0.80 | ppl     3.41
| epoch  10 |   400/ 2983 batches | lr 0.00038 | ms/batch 181.49 | loss  1.05 | ppl     3.48
| epoch  10 |   600/ 2983 batches | lr 0.00038 | ms/batch 184.67 | loss  0.96 | ppl     4.66
| epoch  10 |   800/ 2983 batches | lr 0.00038 | ms/batch 181.93 | loss  0.95 | ppl     2.95
| epoch  10 |  1000/ 2983 batches | lr 0.00037 | ms/batch 183.72 | loss  0.96 | ppl     3.65
| epoch  10 |  1200/ 2983 batches | lr 0.00037 | ms/batch 182.85 | loss  1.11 | ppl     4.72
| epoch  10 |  1400/ 2983 batches | lr 0.00037 | ms/batch 181.85 | loss  1.26 | ppl     5.03
| epoch  10 |  1600/ 2983 batches | lr 0.00037 | ms/batch 181.75 | loss  0.86 | ppl     4.04
| epoch  10 |  1800/ 2983 batches | lr 0.00037 | ms/batch 183.13 | loss  0.95 | ppl     4.69
| epoch  10 |  2000/ 2983 batches | lr 0.00037 | ms/batch 183.66 | loss  0.89 | ppl     3.87
| epoch  10 |  2200/ 2983 batches | lr 0.00037 | ms/batch 186.85 | loss  0.96 | ppl     3.60
| epoch  10 |  2400/ 2983 batches | lr 0.00037 | ms/batch 181.27 | loss  1.07 | ppl     3.49
| epoch  10 |  2600/ 2983 batches | lr 0.00036 | ms/batch 185.03 | loss  0.88 | ppl     2.90
| epoch  10 |  2800/ 2983 batches | lr 0.00036 | ms/batch 182.04 | loss  0.81 | ppl     2.65
-----------------------------------------------------------------------------------------
| end of epoch  10 | time: 568.55s | valid loss  0.78 | valid ppl     3.57
-----------------------------------------------------------------------------------------
=========================================================================================
| End of training | test loss  0.74 | test ppl     3.48
=========================================================================================