python main.py --cuda --model Transformer --epochs 10 --emsize 512 --nhid 1024 --nlayers 6 --nhead 8 --no-attention-scaling --save model_7.pt
| epoch   1 |   200/ 2983 batches | lr 0.00004 | ms/batch 191.63 | loss  8.52 | ppl  6117.22
| epoch   1 |   400/ 2983 batches | lr 0.00007 | ms/batch 183.78 | loss  7.25 | ppl  1553.29
| epoch   1 |   600/ 2983 batches | lr 0.00010 | ms/batch 187.18 | loss  7.07 | ppl  1672.29
| epoch   1 |   800/ 2983 batches | lr 0.00014 | ms/batch 188.14 | loss  7.27 | ppl  1567.79
| epoch   1 |  1000/ 2983 batches | lr 0.00017 | ms/batch 209.67 | loss  6.97 | ppl  1329.96
| epoch   1 |  1200/ 2983 batches | lr 0.00021 | ms/batch 211.71 | loss  7.03 | ppl  1524.35
| epoch   1 |  1400/ 2983 batches | lr 0.00024 | ms/batch 191.35 | loss  6.77 | ppl  1092.68
| epoch   1 |  1600/ 2983 batches | lr 0.00028 | ms/batch 208.71 | loss  6.45 | ppl   864.15
| epoch   1 |  1800/ 2983 batches | lr 0.00031 | ms/batch 276.64 | loss  6.46 | ppl   894.24
| epoch   1 |  2000/ 2983 batches | lr 0.00035 | ms/batch 224.25 | loss  6.21 | ppl   656.67
| epoch   1 |  2200/ 2983 batches | lr 0.00038 | ms/batch 252.80 | loss  6.25 | ppl   629.14
| epoch   1 |  2400/ 2983 batches | lr 0.00042 | ms/batch 227.55 | loss  6.30 | ppl   610.50
| epoch   1 |  2600/ 2983 batches | lr 0.00045 | ms/batch 225.22 | loss  6.13 | ppl   509.52
| epoch   1 |  2800/ 2983 batches | lr 0.00049 | ms/batch 230.61 | loss  6.13 | ppl   514.54
-----------------------------------------------------------------------------------------
| end of epoch   1 | time: 669.06s | valid loss  6.09 | valid ppl   570.61
-----------------------------------------------------------------------------------------
| epoch   2 |   200/ 2983 batches | lr 0.00056 | ms/batch 226.55 | loss  6.08 | ppl   570.78
| epoch   2 |   400/ 2983 batches | lr 0.00059 | ms/batch 227.82 | loss  6.27 | ppl   587.84
| epoch   2 |   600/ 2983 batches | lr 0.00063 | ms/batch 231.38 | loss  5.89 | ppl   530.72
| epoch   2 |   800/ 2983 batches | lr 0.00066 | ms/batch 227.21 | loss  6.25 | ppl   571.20
| epoch   2 |  1000/ 2983 batches | lr 0.00070 | ms/batch 229.75 | loss  6.17 | ppl   605.90
| epoch   2 |  1200/ 2983 batches | lr 0.00068 | ms/batch 227.97 | loss  6.26 | ppl   737.48
| epoch   2 |  1400/ 2983 batches | lr 0.00067 | ms/batch 231.40 | loss  6.19 | ppl   639.99
| epoch   2 |  1600/ 2983 batches | lr 0.00065 | ms/batch 232.46 | loss  5.91 | ppl   531.61
| epoch   2 |  1800/ 2983 batches | lr 0.00064 | ms/batch 230.33 | loss  6.11 | ppl   684.78
| epoch   2 |  2000/ 2983 batches | lr 0.00063 | ms/batch 228.83 | loss  5.87 | ppl   488.60
| epoch   2 |  2200/ 2983 batches | lr 0.00061 | ms/batch 208.27 | loss  5.97 | ppl   486.54
| epoch   2 |  2400/ 2983 batches | lr 0.00060 | ms/batch 217.93 | loss  6.14 | ppl   528.16
| epoch   2 |  2600/ 2983 batches | lr 0.00059 | ms/batch 216.18 | loss  5.91 | ppl   422.86
| epoch   2 |  2800/ 2983 batches | lr 0.00058 | ms/batch 213.61 | loss  6.02 | ppl   471.16
-----------------------------------------------------------------------------------------
| end of epoch   2 | time: 696.07s | valid loss  6.17 | valid ppl   654.20
-----------------------------------------------------------------------------------------
| epoch   3 |   200/ 2983 batches | lr 0.00056 | ms/batch 229.61 | loss  5.97 | ppl   537.36
| epoch   3 |   400/ 2983 batches | lr 0.00055 | ms/batch 229.43 | loss  6.23 | ppl   576.56
| epoch   3 |   600/ 2983 batches | lr 0.00055 | ms/batch 224.27 | loss  5.81 | ppl   520.12
| epoch   3 |   800/ 2983 batches | lr 0.00054 | ms/batch 222.77 | loss  6.16 | ppl   528.42
| epoch   3 |  1000/ 2983 batches | lr 0.00053 | ms/batch 224.70 | loss  6.00 | ppl   533.62
| epoch   3 |  1200/ 2983 batches | lr 0.00052 | ms/batch 220.50 | loss  6.07 | ppl   630.36
| epoch   3 |  1400/ 2983 batches | lr 0.00051 | ms/batch 211.70 | loss  6.05 | ppl   566.70
| epoch   3 |  1600/ 2983 batches | lr 0.00051 | ms/batch 196.06 | loss  5.84 | ppl   514.30
| epoch   3 |  1800/ 2983 batches | lr 0.00050 | ms/batch 195.04 | loss  5.94 | ppl   596.95
| epoch   3 |  2000/ 2983 batches | lr 0.00050 | ms/batch 187.89 | loss  5.84 | ppl   492.70
| epoch   3 |  2200/ 2983 batches | lr 0.00049 | ms/batch 186.62 | loss  5.89 | ppl   466.39
| epoch   3 |  2400/ 2983 batches | lr 0.00048 | ms/batch 187.85 | loss  6.03 | ppl   483.05
| epoch   3 |  2600/ 2983 batches | lr 0.00048 | ms/batch 187.15 | loss  5.88 | ppl   414.83
| epoch   3 |  2800/ 2983 batches | lr 0.00047 | ms/batch 186.43 | loss  6.09 | ppl   512.90
-----------------------------------------------------------------------------------------
| end of epoch   3 | time: 633.47s | valid loss  6.22 | valid ppl   709.59
-----------------------------------------------------------------------------------------
| epoch   4 |   200/ 2983 batches | lr 0.00046 | ms/batch 188.22 | loss  5.94 | ppl   544.04
| epoch   4 |   400/ 2983 batches | lr 0.00046 | ms/batch 191.99 | loss  6.16 | ppl   543.49
| epoch   4 |   600/ 2983 batches | lr 0.00045 | ms/batch 184.48 | loss  5.83 | ppl   549.34
| epoch   4 |   800/ 2983 batches | lr 0.00045 | ms/batch 184.91 | loss  6.18 | ppl   538.58
| epoch   4 |  1000/ 2983 batches | lr 0.00044 | ms/batch 183.79 | loss  6.03 | ppl   558.67
| epoch   4 |  1200/ 2983 batches | lr 0.00044 | ms/batch 182.28 | loss  6.15 | ppl   688.21
| epoch   4 |  1400/ 2983 batches | lr 0.00043 | ms/batch 185.00 | loss  6.04 | ppl   567.27
| epoch   4 |  1600/ 2983 batches | lr 0.00043 | ms/batch 185.19 | loss  5.80 | ppl   507.44
| epoch   4 |  1800/ 2983 batches | lr 0.00043 | ms/batch 186.32 | loss  5.96 | ppl   613.50
| epoch   4 |  2000/ 2983 batches | lr 0.00042 | ms/batch 188.40 | loss  5.88 | ppl   521.76
| epoch   4 |  2200/ 2983 batches | lr 0.00042 | ms/batch 183.79 | loss  5.98 | ppl   512.70
| epoch   4 |  2400/ 2983 batches | lr 0.00041 | ms/batch 182.95 | loss  6.10 | ppl   517.58
| epoch   4 |  2600/ 2983 batches | lr 0.00041 | ms/batch 183.56 | loss  5.92 | ppl   429.69
| epoch   4 |  2800/ 2983 batches | lr 0.00041 | ms/batch 183.33 | loss  6.02 | ppl   479.69
-----------------------------------------------------------------------------------------
| end of epoch   4 | time: 573.29s | valid loss  6.21 | valid ppl   695.79
-----------------------------------------------------------------------------------------
| epoch   5 |   200/ 2983 batches | lr 0.00040 | ms/batch 186.03 | loss  5.93 | ppl   535.88
| epoch   5 |   400/ 2983 batches | lr 0.00040 | ms/batch 183.12 | loss  6.18 | ppl   564.81
| epoch   5 |   600/ 2983 batches | lr 0.00039 | ms/batch 182.53 | loss  5.81 | ppl   537.02
| epoch   5 |   800/ 2983 batches | lr 0.00039 | ms/batch 185.91 | loss  6.14 | ppl   523.82
| epoch   5 |  1000/ 2983 batches | lr 0.00039 | ms/batch 183.65 | loss  6.06 | ppl   575.73
| epoch   5 |  1200/ 2983 batches | lr 0.00039 | ms/batch 182.35 | loss  6.16 | ppl   704.93
| epoch   5 |  1400/ 2983 batches | lr 0.00038 | ms/batch 181.87 | loss  6.08 | ppl   590.76
| epoch   5 |  1600/ 2983 batches | lr 0.00038 | ms/batch 183.65 | loss  5.81 | ppl   511.39
| epoch   5 |  1800/ 2983 batches | lr 0.00038 | ms/batch 184.14 | loss  5.89 | ppl   565.42
| epoch   5 |  2000/ 2983 batches | lr 0.00037 | ms/batch 184.08 | loss  5.76 | ppl   454.79
| epoch   5 |  2200/ 2983 batches | lr 0.00037 | ms/batch 182.86 | loss  5.85 | ppl   451.45
| epoch   5 |  2400/ 2983 batches | lr 0.00037 | ms/batch 183.27 | loss  6.01 | ppl   471.09
| epoch   5 |  2600/ 2983 batches | lr 0.00037 | ms/batch 186.49 | loss  5.88 | ppl   413.85
| epoch   5 |  2800/ 2983 batches | lr 0.00036 | ms/batch 184.14 | loss  5.98 | ppl   460.90
-----------------------------------------------------------------------------------------
| end of epoch   5 | time: 570.79s | valid loss  6.21 | valid ppl   706.86
-----------------------------------------------------------------------------------------
| epoch   6 |   200/ 2983 batches | lr 0.00036 | ms/batch 188.75 | loss  5.95 | ppl   548.98
| epoch   6 |   400/ 2983 batches | lr 0.00036 | ms/batch 189.92 | loss  6.19 | ppl   570.57
| epoch   6 |   600/ 2983 batches | lr 0.00035 | ms/batch 183.93 | loss  5.87 | ppl   571.05
| epoch   6 |   800/ 2983 batches | lr 0.00035 | ms/batch 186.46 | loss  6.12 | ppl   512.00
| epoch   6 |  1000/ 2983 batches | lr 0.00035 | ms/batch 187.41 | loss  6.05 | ppl   571.66
| epoch   6 |  1200/ 2983 batches | lr 0.00035 | ms/batch 185.79 | loss  6.11 | ppl   668.35
| epoch   6 |  1400/ 2983 batches | lr 0.00035 | ms/batch 185.82 | loss  6.10 | ppl   608.26
| epoch   6 |  1600/ 2983 batches | lr 0.00034 | ms/batch 183.04 | loss  5.77 | ppl   484.85
| epoch   6 |  1800/ 2983 batches | lr 0.00034 | ms/batch 185.28 | loss  5.86 | ppl   550.69
| epoch   6 |  2000/ 2983 batches | lr 0.00034 | ms/batch 196.17 | loss  5.79 | ppl   472.70
| epoch   6 |  2200/ 2983 batches | lr 0.00034 | ms/batch 223.35 | loss  5.88 | ppl   466.19
| epoch   6 |  2400/ 2983 batches | lr 0.00034 | ms/batch 189.95 | loss  6.02 | ppl   479.69
| epoch   6 |  2600/ 2983 batches | lr 0.00033 | ms/batch 187.31 | loss  5.86 | ppl   406.12
| epoch   6 |  2800/ 2983 batches | lr 0.00033 | ms/batch 214.10 | loss  6.01 | ppl   468.89
-----------------------------------------------------------------------------------------
| end of epoch   6 | time: 601.67s | valid loss  6.16 | valid ppl   674.90
-----------------------------------------------------------------------------------------
| epoch   7 |   200/ 2983 batches | lr 0.00033 | ms/batch 186.32 | loss  5.85 | ppl   497.75
| epoch   7 |   400/ 2983 batches | lr 0.00033 | ms/batch 188.44 | loss  6.14 | ppl   541.65
| epoch   7 |   600/ 2983 batches | lr 0.00032 | ms/batch 222.30 | loss  5.81 | ppl   550.10
| epoch   7 |   800/ 2983 batches | lr 0.00032 | ms/batch 208.11 | loss  6.18 | ppl   541.91
| epoch   7 |  1000/ 2983 batches | lr 0.00032 | ms/batch 187.97 | loss  6.05 | ppl   575.85
| epoch   7 |  1200/ 2983 batches | lr 0.00032 | ms/batch 185.90 | loss  6.14 | ppl   690.71
| epoch   7 |  1400/ 2983 batches | lr 0.00032 | ms/batch 184.15 | loss  6.13 | ppl   628.63
| epoch   7 |  1600/ 2983 batches | lr 0.00032 | ms/batch 187.94 | loss  5.82 | ppl   512.75
| epoch   7 |  1800/ 2983 batches | lr 0.00031 | ms/batch 205.25 | loss  5.91 | ppl   595.02
| epoch   7 |  2000/ 2983 batches | lr 0.00031 | ms/batch 203.96 | loss  5.77 | ppl   463.13
| epoch   7 |  2200/ 2983 batches | lr 0.00031 | ms/batch 208.44 | loss  5.89 | ppl   463.15
| epoch   7 |  2400/ 2983 batches | lr 0.00031 | ms/batch 191.11 | loss  5.99 | ppl   465.00
| epoch   7 |  2600/ 2983 batches | lr 0.00031 | ms/batch 204.06 | loss  5.86 | ppl   400.81
| epoch   7 |  2800/ 2983 batches | lr 0.00031 | ms/batch 205.08 | loss  5.94 | ppl   442.12
-----------------------------------------------------------------------------------------
| end of epoch   7 | time: 612.32s | valid loss  6.16 | valid ppl   674.35
-----------------------------------------------------------------------------------------
| epoch   8 |   200/ 2983 batches | lr 0.00030 | ms/batch 191.46 | loss  5.80 | ppl   485.34
| epoch   8 |   400/ 2983 batches | lr 0.00030 | ms/batch 226.07 | loss  6.12 | ppl   528.02
| epoch   8 |   600/ 2983 batches | lr 0.00030 | ms/batch 199.47 | loss  5.77 | ppl   530.61
| epoch   8 |   800/ 2983 batches | lr 0.00030 | ms/batch 188.55 | loss  6.07 | ppl   489.79
| epoch   8 |  1000/ 2983 batches | lr 0.00030 | ms/batch 200.47 | loss  6.03 | ppl   561.67
| epoch   8 |  1200/ 2983 batches | lr 0.00030 | ms/batch 203.93 | loss  6.03 | ppl   619.67
| epoch   8 |  1400/ 2983 batches | lr 0.00030 | ms/batch 195.37 | loss  6.06 | ppl   585.18
| epoch   8 |  1600/ 2983 batches | lr 0.00029 | ms/batch 189.15 | loss  5.78 | ppl   496.98
| epoch   8 |  1800/ 2983 batches | lr 0.00029 | ms/batch 187.57 | loss  5.85 | ppl   547.64
| epoch   8 |  2000/ 2983 batches | lr 0.00029 | ms/batch 203.13 | loss  5.78 | ppl   464.39
| epoch   8 |  2200/ 2983 batches | lr 0.00029 | ms/batch 187.25 | loss  5.85 | ppl   445.00
| epoch   8 |  2400/ 2983 batches | lr 0.00029 | ms/batch 184.97 | loss  6.06 | ppl   498.73
| epoch   8 |  2600/ 2983 batches | lr 0.00029 | ms/batch 186.78 | loss  5.79 | ppl   379.98
| epoch   8 |  2800/ 2983 batches | lr 0.00029 | ms/batch 189.07 | loss  5.91 | ppl   428.97
-----------------------------------------------------------------------------------------
| end of epoch   8 | time: 600.84s | valid loss  6.14 | valid ppl   655.56
-----------------------------------------------------------------------------------------
| epoch   9 |   200/ 2983 batches | lr 0.00028 | ms/batch 209.96 | loss  5.84 | ppl   493.21
| epoch   9 |   400/ 2983 batches | lr 0.00028 | ms/batch 206.63 | loss  6.07 | ppl   500.69
| epoch   9 |   600/ 2983 batches | lr 0.00028 | ms/batch 208.87 | loss  5.76 | ppl   525.13
| epoch   9 |   800/ 2983 batches | lr 0.00028 | ms/batch 200.44 | loss  6.06 | ppl   485.94
| epoch   9 |  1000/ 2983 batches | lr 0.00028 | ms/batch 195.42 | loss  6.03 | ppl   557.92
| epoch   9 |  1200/ 2983 batches | lr 0.00028 | ms/batch 185.02 | loss  6.15 | ppl   697.67
| epoch   9 |  1400/ 2983 batches | lr 0.00028 | ms/batch 185.84 | loss  6.05 | ppl   576.01
| epoch   9 |  1600/ 2983 batches | lr 0.00028 | ms/batch 214.13 | loss  5.72 | ppl   462.29
| epoch   9 |  1800/ 2983 batches | lr 0.00028 | ms/batch 199.75 | loss  5.84 | ppl   542.91
| epoch   9 |  2000/ 2983 batches | lr 0.00027 | ms/batch 207.20 | loss  5.74 | ppl   449.64
| epoch   9 |  2200/ 2983 batches | lr 0.00027 | ms/batch 209.38 | loss  5.80 | ppl   429.89
| epoch   9 |  2400/ 2983 batches | lr 0.00027 | ms/batch 201.09 | loss  6.00 | ppl   470.32
| epoch   9 |  2600/ 2983 batches | lr 0.00027 | ms/batch 183.85 | loss  5.78 | ppl   372.18
| epoch   9 |  2800/ 2983 batches | lr 0.00027 | ms/batch 183.88 | loss  5.89 | ppl   419.26
-----------------------------------------------------------------------------------------
| end of epoch   9 | time: 612.38s | valid loss  6.12 | valid ppl   646.59
-----------------------------------------------------------------------------------------
| epoch  10 |   200/ 2983 batches | lr 0.00027 | ms/batch 190.95 | loss  5.82 | ppl   483.93
| epoch  10 |   400/ 2983 batches | lr 0.00027 | ms/batch 201.61 | loss  6.08 | ppl   503.79
| epoch  10 |   600/ 2983 batches | lr 0.00027 | ms/batch 188.14 | loss  5.74 | ppl   511.26
| epoch  10 |   800/ 2983 batches | lr 0.00027 | ms/batch 184.11 | loss  6.16 | ppl   531.76
| epoch  10 |  1000/ 2983 batches | lr 0.00026 | ms/batch 183.86 | loss  6.03 | ppl   557.88
| epoch  10 |  1200/ 2983 batches | lr 0.00026 | ms/batch 184.45 | loss  6.09 | ppl   653.14
| epoch  10 |  1400/ 2983 batches | lr 0.00026 | ms/batch 205.40 | loss  6.03 | ppl   558.38
| epoch  10 |  1600/ 2983 batches | lr 0.00026 | ms/batch 208.16 | loss  5.79 | ppl   505.90
| epoch  10 |  1800/ 2983 batches | lr 0.00026 | ms/batch 184.89 | loss  5.89 | ppl   569.51
| epoch  10 |  2000/ 2983 batches | lr 0.00026 | ms/batch 204.88 | loss  5.75 | ppl   452.81
| epoch  10 |  2200/ 2983 batches | lr 0.00026 | ms/batch 210.38 | loss  5.84 | ppl   448.90
| epoch  10 |  2400/ 2983 batches | lr 0.00026 | ms/batch 191.51 | loss  6.03 | ppl   484.14
| epoch  10 |  2600/ 2983 batches | lr 0.00026 | ms/batch 184.95 | loss  5.82 | ppl   389.25
| epoch  10 |  2800/ 2983 batches | lr 0.00026 | ms/batch 187.65 | loss  6.00 | ppl   470.89
-----------------------------------------------------------------------------------------
| end of epoch  10 | time: 612.15s | valid loss  6.11 | valid ppl   635.98
-----------------------------------------------------------------------------------------
=========================================================================================
| End of training | test loss  5.97 | test ppl   513.60
=========================================================================================