python main.py --cuda --model Transformer --epochs 10 --emsize 512 --nhid 1024 --nlayers 6 --nhead 8 --save model_1.pt
| epoch   1 |   200/ 2983 batches | lr 0.00004 | ms/batch 214.43 | loss  8.49 | ppl  5949.80
| epoch   1 |   400/ 2983 batches | lr 0.00007 | ms/batch 185.66 | loss  7.22 | ppl  1500.13
| epoch   1 |   600/ 2983 batches | lr 0.00010 | ms/batch 186.68 | loss  6.77 | ppl  1222.19
| epoch   1 |   800/ 2983 batches | lr 0.00014 | ms/batch 184.60 | loss  6.85 | ppl  1029.14
| epoch   1 |  1000/ 2983 batches | lr 0.00017 | ms/batch 184.31 | loss  6.53 | ppl   843.90
| epoch   1 |  1200/ 2983 batches | lr 0.00021 | ms/batch 184.14 | loss  6.36 | ppl   758.12
| epoch   1 |  1400/ 2983 batches | lr 0.00024 | ms/batch 195.28 | loss  5.37 | ppl   264.90
| epoch   1 |  1600/ 2983 batches | lr 0.00028 | ms/batch 191.09 | loss  4.45 | ppl   122.65
| epoch   1 |  1800/ 2983 batches | lr 0.00031 | ms/batch 197.89 | loss  3.98 | ppl    78.71
| epoch   1 |  2000/ 2983 batches | lr 0.00035 | ms/batch 188.60 | loss  3.32 | ppl    37.69
| epoch   1 |  2200/ 2983 batches | lr 0.00038 | ms/batch 190.00 | loss  2.84 | ppl    21.17
| epoch   1 |  2400/ 2983 batches | lr 0.00042 | ms/batch 198.52 | loss  2.56 | ppl    14.87
| epoch   1 |  2600/ 2983 batches | lr 0.00045 | ms/batch 203.71 | loss  2.18 | ppl    10.31
| epoch   1 |  2800/ 2983 batches | lr 0.00049 | ms/batch 202.35 | loss  1.80 | ppl     6.97
-----------------------------------------------------------------------------------------
| end of epoch   1 | time: 600.25s | valid loss  1.69 | valid ppl     7.71
-----------------------------------------------------------------------------------------
| epoch   2 |   200/ 2983 batches | lr 0.00056 | ms/batch 196.02 | loss  1.79 | ppl     8.38
| epoch   2 |   400/ 2983 batches | lr 0.00059 | ms/batch 197.77 | loss  1.89 | ppl     7.52
| epoch   2 |   600/ 2983 batches | lr 0.00063 | ms/batch 215.84 | loss  1.57 | ppl     7.11
| epoch   2 |   800/ 2983 batches | lr 0.00066 | ms/batch 208.85 | loss  1.81 | ppl     6.68
| epoch   2 |  1000/ 2983 batches | lr 0.00070 | ms/batch 193.02 | loss  1.67 | ppl     6.76
| epoch   2 |  1200/ 2983 batches | lr 0.00068 | ms/batch 199.38 | loss  1.77 | ppl     8.03
| epoch   2 |  1400/ 2983 batches | lr 0.00067 | ms/batch 190.11 | loss  1.72 | ppl     7.48
| epoch   2 |  1600/ 2983 batches | lr 0.00065 | ms/batch 205.40 | loss  1.37 | ppl     5.77
| epoch   2 |  1800/ 2983 batches | lr 0.00064 | ms/batch 209.86 | loss  1.29 | ppl     5.36
| epoch   2 |  2000/ 2983 batches | lr 0.00063 | ms/batch 215.38 | loss  1.33 | ppl     5.24
| epoch   2 |  2200/ 2983 batches | lr 0.00061 | ms/batch 198.50 | loss  1.32 | ppl     4.80
| epoch   2 |  2400/ 2983 batches | lr 0.00060 | ms/batch 215.25 | loss  1.40 | ppl     4.70
| epoch   2 |  2600/ 2983 batches | lr 0.00059 | ms/batch 207.05 | loss  1.19 | ppl     3.75
| epoch   2 |  2800/ 2983 batches | lr 0.00058 | ms/batch 213.63 | loss  1.05 | ppl     3.26
-----------------------------------------------------------------------------------------
| end of epoch   2 | time: 636.24s | valid loss  1.04 | valid ppl     3.97
-----------------------------------------------------------------------------------------
| epoch   3 |   200/ 2983 batches | lr 0.00056 | ms/batch 212.43 | loss  0.97 | ppl     3.67
| epoch   3 |   400/ 2983 batches | lr 0.00055 | ms/batch 207.71 | loss  1.36 | ppl     4.49
| epoch   3 |   600/ 2983 batches | lr 0.00055 | ms/batch 222.00 | loss  1.21 | ppl     5.02
| epoch   3 |   800/ 2983 batches | lr 0.00054 | ms/batch 209.28 | loss  1.25 | ppl     3.88
| epoch   3 |  1000/ 2983 batches | lr 0.00053 | ms/batch 212.25 | loss  1.19 | ppl     4.17
| epoch   3 |  1200/ 2983 batches | lr 0.00052 | ms/batch 217.52 | loss  1.21 | ppl     4.74
| epoch   3 |  1400/ 2983 batches | lr 0.00051 | ms/batch 194.38 | loss  1.35 | ppl     5.00
| epoch   3 |  1600/ 2983 batches | lr 0.00051 | ms/batch 199.35 | loss  1.02 | ppl     4.12
| epoch   3 |  1800/ 2983 batches | lr 0.00050 | ms/batch 215.38 | loss  1.05 | ppl     4.36
| epoch   3 |  2000/ 2983 batches | lr 0.00050 | ms/batch 212.59 | loss  1.10 | ppl     4.13
| epoch   3 |  2200/ 2983 batches | lr 0.00049 | ms/batch 201.84 | loss  1.00 | ppl     3.43
| epoch   3 |  2400/ 2983 batches | lr 0.00048 | ms/batch 183.35 | loss  1.24 | ppl     3.97
| epoch   3 |  2600/ 2983 batches | lr 0.00048 | ms/batch 185.60 | loss  1.05 | ppl     3.29
| epoch   3 |  2800/ 2983 batches | lr 0.00047 | ms/batch 209.22 | loss  0.98 | ppl     3.07
-----------------------------------------------------------------------------------------
| end of epoch   3 | time: 644.52s | valid loss  0.91 | valid ppl     3.47
-----------------------------------------------------------------------------------------
| epoch   4 |   200/ 2983 batches | lr 0.00046 | ms/batch 220.47 | loss  0.90 | ppl     3.54
| epoch   4 |   400/ 2983 batches | lr 0.00046 | ms/batch 222.33 | loss  1.17 | ppl     3.75
| epoch   4 |   600/ 2983 batches | lr 0.00045 | ms/batch 209.06 | loss  0.99 | ppl     4.18
| epoch   4 |   800/ 2983 batches | lr 0.00045 | ms/batch 220.24 | loss  1.19 | ppl     3.68
| epoch   4 |  1000/ 2983 batches | lr 0.00044 | ms/batch 205.02 | loss  1.09 | ppl     3.84
| epoch   4 |  1200/ 2983 batches | lr 0.00044 | ms/batch 189.42 | loss  1.26 | ppl     4.92
| epoch   4 |  1400/ 2983 batches | lr 0.00043 | ms/batch 190.79 | loss  1.27 | ppl     4.71
| epoch   4 |  1600/ 2983 batches | lr 0.00043 | ms/batch 187.59 | loss  0.94 | ppl     3.86
| epoch   4 |  1800/ 2983 batches | lr 0.00043 | ms/batch 187.21 | loss  1.01 | ppl     4.25
| epoch   4 |  2000/ 2983 batches | lr 0.00042 | ms/batch 188.45 | loss  1.06 | ppl     4.10
| epoch   4 |  2200/ 2983 batches | lr 0.00042 | ms/batch 202.65 | loss  1.01 | ppl     3.53
| epoch   4 |  2400/ 2983 batches | lr 0.00041 | ms/batch 216.42 | loss  1.16 | ppl     3.69
| epoch   4 |  2600/ 2983 batches | lr 0.00041 | ms/batch 197.52 | loss  1.09 | ppl     3.44
| epoch   4 |  2800/ 2983 batches | lr 0.00041 | ms/batch 204.06 | loss  0.92 | ppl     2.85
-----------------------------------------------------------------------------------------
| end of epoch   4 | time: 627.08s | valid loss  0.87 | valid ppl     3.46
-----------------------------------------------------------------------------------------
| epoch   5 |   200/ 2983 batches | lr 0.00040 | ms/batch 210.64 | loss  0.94 | ppl     3.74
| epoch   5 |   400/ 2983 batches | lr 0.00040 | ms/batch 204.37 | loss  1.04 | ppl     3.26
| epoch   5 |   600/ 2983 batches | lr 0.00039 | ms/batch 217.33 | loss  1.03 | ppl     4.63
| epoch   5 |   800/ 2983 batches | lr 0.00039 | ms/batch 197.20 | loss  1.07 | ppl     3.25
| epoch   5 |  1000/ 2983 batches | lr 0.00039 | ms/batch 214.62 | loss  1.06 | ppl     3.76
| epoch   5 |  1200/ 2983 batches | lr 0.00039 | ms/batch 203.18 | loss  1.23 | ppl     4.90
| epoch   5 |  1400/ 2983 batches | lr 0.00038 | ms/batch 201.93 | loss  1.21 | ppl     4.46
| epoch   5 |  1600/ 2983 batches | lr 0.00038 | ms/batch 209.34 | loss  0.82 | ppl     3.65
| epoch   5 |  1800/ 2983 batches | lr 0.00038 | ms/batch 203.36 | loss  0.94 | ppl     3.92
| epoch   5 |  2000/ 2983 batches | lr 0.00037 | ms/batch 203.87 | loss  1.08 | ppl     4.26
| epoch   5 |  2200/ 2983 batches | lr 0.00037 | ms/batch 219.63 | loss  0.95 | ppl     3.41
| epoch   5 |  2400/ 2983 batches | lr 0.00037 | ms/batch 190.64 | loss  1.12 | ppl     3.53
| epoch   5 |  2600/ 2983 batches | lr 0.00037 | ms/batch 206.34 | loss  0.96 | ppl     3.02
| epoch   5 |  2800/ 2983 batches | lr 0.00036 | ms/batch 227.21 | loss  1.08 | ppl     3.42
-----------------------------------------------------------------------------------------
| end of epoch   5 | time: 646.10s | valid loss  0.85 | valid ppl     3.43
-----------------------------------------------------------------------------------------
| epoch   6 |   200/ 2983 batches | lr 0.00036 | ms/batch 189.88 | loss  0.80 | ppl     3.26
| epoch   6 |   400/ 2983 batches | lr 0.00036 | ms/batch 187.70 | loss  1.05 | ppl     3.37
| epoch   6 |   600/ 2983 batches | lr 0.00035 | ms/batch 200.89 | loss  0.98 | ppl     4.37
| epoch   6 |   800/ 2983 batches | lr 0.00035 | ms/batch 219.91 | loss  1.11 | ppl     3.40
| epoch   6 |  1000/ 2983 batches | lr 0.00035 | ms/batch 205.03 | loss  0.98 | ppl     3.49
| epoch   6 |  1200/ 2983 batches | lr 0.00035 | ms/batch 190.75 | loss  1.11 | ppl     4.33
| epoch   6 |  1400/ 2983 batches | lr 0.00035 | ms/batch 205.88 | loss  1.21 | ppl     4.43
| epoch   6 |  1600/ 2983 batches | lr 0.00034 | ms/batch 211.63 | loss  0.84 | ppl     3.61
| epoch   6 |  1800/ 2983 batches | lr 0.00034 | ms/batch 209.03 | loss  0.91 | ppl     3.95
| epoch   6 |  2000/ 2983 batches | lr 0.00034 | ms/batch 189.07 | loss  0.98 | ppl     3.96
| epoch   6 |  2200/ 2983 batches | lr 0.00034 | ms/batch 183.84 | loss  0.93 | ppl     3.36
| epoch   6 |  2400/ 2983 batches | lr 0.00034 | ms/batch 204.12 | loss  1.08 | ppl     3.47
| epoch   6 |  2600/ 2983 batches | lr 0.00033 | ms/batch 191.55 | loss  0.89 | ppl     2.79
| epoch   6 |  2800/ 2983 batches | lr 0.00033 | ms/batch 212.97 | loss  0.89 | ppl     2.83
-----------------------------------------------------------------------------------------
| end of epoch   6 | time: 622.14s | valid loss  0.82 | valid ppl     3.39
-----------------------------------------------------------------------------------------
| epoch   7 |   200/ 2983 batches | lr 0.00033 | ms/batch 194.22 | loss  0.79 | ppl     3.21
| epoch   7 |   400/ 2983 batches | lr 0.00033 | ms/batch 204.66 | loss  1.07 | ppl     3.38
| epoch   7 |   600/ 2983 batches | lr 0.00032 | ms/batch 202.64 | loss  0.96 | ppl     4.35
| epoch   7 |   800/ 2983 batches | lr 0.00032 | ms/batch 211.42 | loss  1.04 | ppl     3.18
| epoch   7 |  1000/ 2983 batches | lr 0.00032 | ms/batch 192.07 | loss  0.95 | ppl     3.49
| epoch   7 |  1200/ 2983 batches | lr 0.00032 | ms/batch 191.37 | loss  1.03 | ppl     4.06
| epoch   7 |  1400/ 2983 batches | lr 0.00032 | ms/batch 193.13 | loss  1.11 | ppl     4.19
| epoch   7 |  1600/ 2983 batches | lr 0.00032 | ms/batch 211.51 | loss  0.81 | ppl     3.59
| epoch   7 |  1800/ 2983 batches | lr 0.00031 | ms/batch 193.84 | loss  1.01 | ppl     4.45
| epoch   7 |  2000/ 2983 batches | lr 0.00031 | ms/batch 202.98 | loss  1.00 | ppl     3.96
| epoch   7 |  2200/ 2983 batches | lr 0.00031 | ms/batch 220.42 | loss  0.91 | ppl     3.25
| epoch   7 |  2400/ 2983 batches | lr 0.00031 | ms/batch 213.73 | loss  1.01 | ppl     3.20
| epoch   7 |  2600/ 2983 batches | lr 0.00031 | ms/batch 211.26 | loss  0.89 | ppl     2.81
| epoch   7 |  2800/ 2983 batches | lr 0.00031 | ms/batch 212.22 | loss  0.92 | ppl     2.92
-----------------------------------------------------------------------------------------
| end of epoch   7 | time: 637.55s | valid loss  0.80 | valid ppl     3.34
-----------------------------------------------------------------------------------------
| epoch   8 |   200/ 2983 batches | lr 0.00030 | ms/batch 214.52 | loss  0.81 | ppl     3.28
| epoch   8 |   400/ 2983 batches | lr 0.00030 | ms/batch 207.80 | loss  1.03 | ppl     3.30
| epoch   8 |   600/ 2983 batches | lr 0.00030 | ms/batch 217.76 | loss  0.93 | ppl     4.47
| epoch   8 |   800/ 2983 batches | lr 0.00030 | ms/batch 213.02 | loss  0.99 | ppl     3.05
| epoch   8 |  1000/ 2983 batches | lr 0.00030 | ms/batch 212.40 | loss  0.93 | ppl     3.34
| epoch   8 |  1200/ 2983 batches | lr 0.00030 | ms/batch 215.47 | loss  0.98 | ppl     3.96
| epoch   8 |  1400/ 2983 batches | lr 0.00030 | ms/batch 233.46 | loss  1.10 | ppl     4.24
| epoch   8 |  1600/ 2983 batches | lr 0.00029 | ms/batch 208.99 | loss  0.86 | ppl     3.78
| epoch   8 |  1800/ 2983 batches | lr 0.00029 | ms/batch 213.23 | loss  0.87 | ppl     3.82
| epoch   8 |  2000/ 2983 batches | lr 0.00029 | ms/batch 204.22 | loss  0.94 | ppl     3.74
| epoch   8 |  2200/ 2983 batches | lr 0.00029 | ms/batch 200.05 | loss  0.97 | ppl     3.49
| epoch   8 |  2400/ 2983 batches | lr 0.00029 | ms/batch 212.77 | loss  1.05 | ppl     3.38
| epoch   8 |  2600/ 2983 batches | lr 0.00029 | ms/batch 209.42 | loss  0.84 | ppl     2.68
| epoch   8 |  2800/ 2983 batches | lr 0.00029 | ms/batch 202.73 | loss  0.87 | ppl     2.81
-----------------------------------------------------------------------------------------
| end of epoch   8 | time: 655.06s | valid loss  0.80 | valid ppl     3.46
-----------------------------------------------------------------------------------------
| epoch   9 |   200/ 2983 batches | lr 0.00028 | ms/batch 206.00 | loss  0.80 | ppl     3.34
| epoch   9 |   400/ 2983 batches | lr 0.00028 | ms/batch 213.80 | loss  0.97 | ppl     3.09
| epoch   9 |   600/ 2983 batches | lr 0.00028 | ms/batch 203.50 | loss  0.95 | ppl     4.61
| epoch   9 |   800/ 2983 batches | lr 0.00028 | ms/batch 213.03 | loss  1.01 | ppl     3.11
| epoch   9 |  1000/ 2983 batches | lr 0.00028 | ms/batch 209.59 | loss  0.94 | ppl     3.47
| epoch   9 |  1200/ 2983 batches | lr 0.00028 | ms/batch 217.27 | loss  1.01 | ppl     4.14
| epoch   9 |  1400/ 2983 batches | lr 0.00028 | ms/batch 218.02 | loss  1.08 | ppl     4.10
| epoch   9 |  1600/ 2983 batches | lr 0.00028 | ms/batch 220.07 | loss  0.81 | ppl     3.70
| epoch   9 |  1800/ 2983 batches | lr 0.00028 | ms/batch 227.36 | loss  0.99 | ppl     4.48
| epoch   9 |  2000/ 2983 batches | lr 0.00027 | ms/batch 195.73 | loss  0.89 | ppl     3.73
| epoch   9 |  2200/ 2983 batches | lr 0.00027 | ms/batch 234.85 | loss  0.84 | ppl     3.02
| epoch   9 |  2400/ 2983 batches | lr 0.00027 | ms/batch 207.30 | loss  0.98 | ppl     3.14
| epoch   9 |  2600/ 2983 batches | lr 0.00027 | ms/batch 212.73 | loss  0.87 | ppl     2.79
| epoch   9 |  2800/ 2983 batches | lr 0.00027 | ms/batch 214.74 | loss  0.77 | ppl     2.55
-----------------------------------------------------------------------------------------
| end of epoch   9 | time: 658.93s | valid loss  0.77 | valid ppl     3.32
-----------------------------------------------------------------------------------------
| epoch  10 |   200/ 2983 batches | lr 0.00027 | ms/batch 218.92 | loss  0.84 | ppl     3.52
| epoch  10 |   400/ 2983 batches | lr 0.00027 | ms/batch 205.74 | loss  0.97 | ppl     3.15
| epoch  10 |   600/ 2983 batches | lr 0.00027 | ms/batch 186.17 | loss  0.97 | ppl     4.63
| epoch  10 |   800/ 2983 batches | lr 0.00027 | ms/batch 205.78 | loss  0.93 | ppl     2.87
| epoch  10 |  1000/ 2983 batches | lr 0.00026 | ms/batch 218.16 | loss  0.88 | ppl     3.32
| epoch  10 |  1200/ 2983 batches | lr 0.00026 | ms/batch 211.64 | loss  0.93 | ppl     3.89
| epoch  10 |  1400/ 2983 batches | lr 0.00026 | ms/batch 209.32 | loss  1.09 | ppl     4.09
| epoch  10 |  1600/ 2983 batches | lr 0.00026 | ms/batch 213.48 | loss  0.91 | ppl     4.07
| epoch  10 |  1800/ 2983 batches | lr 0.00026 | ms/batch 218.47 | loss  0.94 | ppl     4.28
| epoch  10 |  2000/ 2983 batches | lr 0.00026 | ms/batch 212.00 | loss  0.88 | ppl     3.59
| epoch  10 |  2200/ 2983 batches | lr 0.00026 | ms/batch 201.25 | loss  0.89 | ppl     3.26
| epoch  10 |  2400/ 2983 batches | lr 0.00026 | ms/batch 205.73 | loss  0.96 | ppl     3.08
| epoch  10 |  2600/ 2983 batches | lr 0.00026 | ms/batch 208.31 | loss  0.81 | ppl     2.65
| epoch  10 |  2800/ 2983 batches | lr 0.00026 | ms/batch 215.53 | loss  0.80 | ppl     2.59
-----------------------------------------------------------------------------------------
| end of epoch  10 | time: 647.50s | valid loss  0.76 | valid ppl     3.32
-----------------------------------------------------------------------------------------
=========================================================================================
| End of training | test loss  0.71 | test ppl     3.21
=========================================================================================