python main.py --cuda --model Transformer --epochs 10 --emsize 512 --nhid 1024 --nlayers 6 --nhead 4 --save model_4.pt
| epoch   1 |   200/ 2983 batches | lr 0.00004 | ms/batch 189.06 | loss  8.50 | ppl  5959.61
| epoch   1 |   400/ 2983 batches | lr 0.00007 | ms/batch 189.77 | loss  7.20 | ppl  1479.08
| epoch   1 |   600/ 2983 batches | lr 0.00010 | ms/batch 190.14 | loss  6.75 | ppl  1195.98
| epoch   1 |   800/ 2983 batches | lr 0.00014 | ms/batch 190.14 | loss  6.86 | ppl  1037.30
| epoch   1 |  1000/ 2983 batches | lr 0.00017 | ms/batch 187.54 | loss  6.40 | ppl   739.01
| epoch   1 |  1200/ 2983 batches | lr 0.00021 | ms/batch 188.79 | loss  5.64 | ppl   371.67
| epoch   1 |  1400/ 2983 batches | lr 0.00024 | ms/batch 190.81 | loss  4.67 | ppl   134.65
| epoch   1 |  1600/ 2983 batches | lr 0.00028 | ms/batch 190.13 | loss  3.61 | ppl    54.58
| epoch   1 |  1800/ 2983 batches | lr 0.00031 | ms/batch 190.40 | loss  3.24 | ppl    38.95
| epoch   1 |  2000/ 2983 batches | lr 0.00035 | ms/batch 186.07 | loss  2.88 | ppl    24.55
| epoch   1 |  2200/ 2983 batches | lr 0.00038 | ms/batch 186.69 | loss  2.34 | ppl    12.99
| epoch   1 |  2400/ 2983 batches | lr 0.00042 | ms/batch 189.53 | loss  2.39 | ppl    12.71
| epoch   1 |  2600/ 2983 batches | lr 0.00045 | ms/batch 193.82 | loss  2.03 | ppl     8.71
| epoch   1 |  2800/ 2983 batches | lr 0.00049 | ms/batch 189.21 | loss  1.88 | ppl     7.58
-----------------------------------------------------------------------------------------
| end of epoch   1 | time: 585.15s | valid loss  1.65 | valid ppl     6.91
-----------------------------------------------------------------------------------------
| epoch   2 |   200/ 2983 batches | lr 0.00056 | ms/batch 187.73 | loss  1.63 | ppl     6.88
| epoch   2 |   400/ 2983 batches | lr 0.00059 | ms/batch 187.49 | loss  2.00 | ppl     8.35
| epoch   2 |   600/ 2983 batches | lr 0.00063 | ms/batch 185.99 | loss  1.70 | ppl     8.06
| epoch   2 |   800/ 2983 batches | lr 0.00066 | ms/batch 186.18 | loss  1.83 | ppl     6.82
| epoch   2 |  1000/ 2983 batches | lr 0.00070 | ms/batch 185.37 | loss  1.70 | ppl     6.85
| epoch   2 |  1200/ 2983 batches | lr 0.00068 | ms/batch 183.54 | loss  1.87 | ppl     8.86
| epoch   2 |  1400/ 2983 batches | lr 0.00067 | ms/batch 185.42 | loss  1.67 | ppl     6.85
| epoch   2 |  1600/ 2983 batches | lr 0.00065 | ms/batch 185.58 | loss  1.37 | ppl     5.77
| epoch   2 |  1800/ 2983 batches | lr 0.00064 | ms/batch 185.60 | loss  1.44 | ppl     6.19
| epoch   2 |  2000/ 2983 batches | lr 0.00063 | ms/batch 185.69 | loss  1.44 | ppl     5.58
| epoch   2 |  2200/ 2983 batches | lr 0.00061 | ms/batch 187.06 | loss  1.34 | ppl     4.73
| epoch   2 |  2400/ 2983 batches | lr 0.00060 | ms/batch 184.20 | loss  1.63 | ppl     5.83
| epoch   2 |  2600/ 2983 batches | lr 0.00059 | ms/batch 185.49 | loss  1.30 | ppl     4.14
| epoch   2 |  2800/ 2983 batches | lr 0.00058 | ms/batch 185.45 | loss  1.33 | ppl     4.29
-----------------------------------------------------------------------------------------
| end of epoch   2 | time: 574.79s | valid loss  1.17 | valid ppl     4.41
-----------------------------------------------------------------------------------------
| epoch   3 |   200/ 2983 batches | lr 0.00056 | ms/batch 187.43 | loss  1.23 | ppl     4.69
| epoch   3 |   400/ 2983 batches | lr 0.00055 | ms/batch 186.65 | loss  1.43 | ppl     4.73
| epoch   3 |   600/ 2983 batches | lr 0.00055 | ms/batch 184.82 | loss  1.31 | ppl     5.75
| epoch   3 |   800/ 2983 batches | lr 0.00054 | ms/batch 186.43 | loss  1.47 | ppl     4.79
| epoch   3 |  1000/ 2983 batches | lr 0.00053 | ms/batch 184.86 | loss  1.45 | ppl     5.44
| epoch   3 |  1200/ 2983 batches | lr 0.00052 | ms/batch 185.27 | loss  1.60 | ppl     6.94
| epoch   3 |  1400/ 2983 batches | lr 0.00051 | ms/batch 185.76 | loss  1.52 | ppl     5.86
| epoch   3 |  1600/ 2983 batches | lr 0.00051 | ms/batch 185.55 | loss  1.19 | ppl     4.72
| epoch   3 |  1800/ 2983 batches | lr 0.00050 | ms/batch 201.91 | loss  1.17 | ppl     4.77
| epoch   3 |  2000/ 2983 batches | lr 0.00050 | ms/batch 210.81 | loss  1.28 | ppl     4.90
| epoch   3 |  2200/ 2983 batches | lr 0.00049 | ms/batch 209.60 | loss  1.20 | ppl     4.15
| epoch   3 |  2400/ 2983 batches | lr 0.00048 | ms/batch 206.83 | loss  1.44 | ppl     4.80
| epoch   3 |  2600/ 2983 batches | lr 0.00048 | ms/batch 267.76 | loss  1.22 | ppl     3.85
| epoch   3 |  2800/ 2983 batches | lr 0.00047 | ms/batch 225.17 | loss  1.18 | ppl     3.74
-----------------------------------------------------------------------------------------
| end of epoch   3 | time: 620.52s | valid loss  1.09 | valid ppl     4.19
-----------------------------------------------------------------------------------------
| epoch   4 |   200/ 2983 batches | lr 0.00046 | ms/batch 189.78 | loss  1.19 | ppl     4.58
| epoch   4 |   400/ 2983 batches | lr 0.00046 | ms/batch 190.12 | loss  1.45 | ppl     4.92
| epoch   4 |   600/ 2983 batches | lr 0.00045 | ms/batch 191.39 | loss  1.27 | ppl     5.54
| epoch   4 |   800/ 2983 batches | lr 0.00045 | ms/batch 189.05 | loss  1.49 | ppl     4.88
| epoch   4 |  1000/ 2983 batches | lr 0.00044 | ms/batch 191.48 | loss  1.30 | ppl     4.62
| epoch   4 |  1200/ 2983 batches | lr 0.00044 | ms/batch 194.57 | loss  1.52 | ppl     6.62
| epoch   4 |  1400/ 2983 batches | lr 0.00043 | ms/batch 186.18 | loss  1.62 | ppl     6.75
| epoch   4 |  1600/ 2983 batches | lr 0.00043 | ms/batch 185.47 | loss  1.25 | ppl     5.15
| epoch   4 |  1800/ 2983 batches | lr 0.00043 | ms/batch 186.24 | loss  1.26 | ppl     5.30
| epoch   4 |  2000/ 2983 batches | lr 0.00042 | ms/batch 184.53 | loss  1.42 | ppl     5.72
| epoch   4 |  2200/ 2983 batches | lr 0.00042 | ms/batch 186.58 | loss  1.11 | ppl     3.92
| epoch   4 |  2400/ 2983 batches | lr 0.00041 | ms/batch 186.26 | loss  1.42 | ppl     4.75
| epoch   4 |  2600/ 2983 batches | lr 0.00041 | ms/batch 185.22 | loss  1.15 | ppl     3.62
| epoch   4 |  2800/ 2983 batches | lr 0.00041 | ms/batch 185.96 | loss  1.12 | ppl     3.53
-----------------------------------------------------------------------------------------
| end of epoch   4 | time: 581.43s | valid loss  1.03 | valid ppl     3.99
-----------------------------------------------------------------------------------------
| epoch   5 |   200/ 2983 batches | lr 0.00040 | ms/batch 187.69 | loss  1.14 | ppl     4.40
| epoch   5 |   400/ 2983 batches | lr 0.00040 | ms/batch 187.47 | loss  1.40 | ppl     4.56
| epoch   5 |   600/ 2983 batches | lr 0.00039 | ms/batch 188.26 | loss  1.18 | ppl     5.35
| epoch   5 |   800/ 2983 batches | lr 0.00039 | ms/batch 189.10 | loss  1.34 | ppl     4.27
| epoch   5 |  1000/ 2983 batches | lr 0.00039 | ms/batch 184.83 | loss  1.32 | ppl     4.76
| epoch   5 |  1200/ 2983 batches | lr 0.00039 | ms/batch 185.96 | loss  1.48 | ppl     6.34
| epoch   5 |  1400/ 2983 batches | lr 0.00038 | ms/batch 185.89 | loss  1.41 | ppl     5.42
| epoch   5 |  1600/ 2983 batches | lr 0.00038 | ms/batch 190.05 | loss  1.19 | ppl     4.93
| epoch   5 |  1800/ 2983 batches | lr 0.00038 | ms/batch 205.44 | loss  1.22 | ppl     5.16
| epoch   5 |  2000/ 2983 batches | lr 0.00037 | ms/batch 190.11 | loss  1.23 | ppl     4.70
| epoch   5 |  2200/ 2983 batches | lr 0.00037 | ms/batch 214.45 | loss  1.16 | ppl     4.12
| epoch   5 |  2400/ 2983 batches | lr 0.00037 | ms/batch 188.54 | loss  1.32 | ppl     4.37
| epoch   5 |  2600/ 2983 batches | lr 0.00037 | ms/batch 192.00 | loss  1.15 | ppl     3.68
| epoch   5 |  2800/ 2983 batches | lr 0.00036 | ms/batch 193.36 | loss  1.19 | ppl     3.78
-----------------------------------------------------------------------------------------
| end of epoch   5 | time: 594.04s | valid loss  0.99 | valid ppl     3.90
-----------------------------------------------------------------------------------------
| epoch   6 |   200/ 2983 batches | lr 0.00036 | ms/batch 211.63 | loss  1.21 | ppl     4.76
| epoch   6 |   400/ 2983 batches | lr 0.00036 | ms/batch 194.31 | loss  1.36 | ppl     4.50
| epoch   6 |   600/ 2983 batches | lr 0.00035 | ms/batch 191.50 | loss  1.12 | ppl     4.98
| epoch   6 |   800/ 2983 batches | lr 0.00035 | ms/batch 189.35 | loss  1.28 | ppl     3.96
| epoch   6 |  1000/ 2983 batches | lr 0.00035 | ms/batch 197.04 | loss  1.27 | ppl     4.70
| epoch   6 |  1200/ 2983 batches | lr 0.00035 | ms/batch 187.47 | loss  1.49 | ppl     6.31
| epoch   6 |  1400/ 2983 batches | lr 0.00035 | ms/batch 186.67 | loss  1.47 | ppl     5.89
| epoch   6 |  1600/ 2983 batches | lr 0.00034 | ms/batch 188.70 | loss  1.16 | ppl     4.84
| epoch   6 |  1800/ 2983 batches | lr 0.00034 | ms/batch 196.19 | loss  1.16 | ppl     5.01
| epoch   6 |  2000/ 2983 batches | lr 0.00034 | ms/batch 189.58 | loss  1.18 | ppl     4.59
| epoch   6 |  2200/ 2983 batches | lr 0.00034 | ms/batch 188.41 | loss  1.15 | ppl     4.14
| epoch   6 |  2400/ 2983 batches | lr 0.00034 | ms/batch 186.75 | loss  1.31 | ppl     4.28
| epoch   6 |  2600/ 2983 batches | lr 0.00033 | ms/batch 186.63 | loss  1.16 | ppl     3.71
| epoch   6 |  2800/ 2983 batches | lr 0.00033 | ms/batch 189.49 | loss  1.16 | ppl     3.70
-----------------------------------------------------------------------------------------
| end of epoch   6 | time: 592.98s | valid loss  0.94 | valid ppl     3.72
-----------------------------------------------------------------------------------------
| epoch   7 |   200/ 2983 batches | lr 0.00033 | ms/batch 190.31 | loss  1.02 | ppl     3.98
| epoch   7 |   400/ 2983 batches | lr 0.00033 | ms/batch 189.81 | loss  1.32 | ppl     4.35
| epoch   7 |   600/ 2983 batches | lr 0.00032 | ms/batch 189.20 | loss  1.14 | ppl     5.24
| epoch   7 |   800/ 2983 batches | lr 0.00032 | ms/batch 191.38 | loss  1.20 | ppl     3.70
| epoch   7 |  1000/ 2983 batches | lr 0.00032 | ms/batch 192.20 | loss  1.16 | ppl     4.27
| epoch   7 |  1200/ 2983 batches | lr 0.00032 | ms/batch 191.29 | loss  1.48 | ppl     6.29
| epoch   7 |  1400/ 2983 batches | lr 0.00032 | ms/batch 191.31 | loss  1.52 | ppl     6.28
| epoch   7 |  1600/ 2983 batches | lr 0.00032 | ms/batch 191.19 | loss  1.15 | ppl     4.94
| epoch   7 |  1800/ 2983 batches | lr 0.00031 | ms/batch 186.67 | loss  1.19 | ppl     5.19
| epoch   7 |  2000/ 2983 batches | lr 0.00031 | ms/batch 190.46 | loss  1.08 | ppl     4.30
| epoch   7 |  2200/ 2983 batches | lr 0.00031 | ms/batch 190.10 | loss  1.11 | ppl     4.01
| epoch   7 |  2400/ 2983 batches | lr 0.00031 | ms/batch 191.62 | loss  1.23 | ppl     4.01
| epoch   7 |  2600/ 2983 batches | lr 0.00031 | ms/batch 187.31 | loss  1.12 | ppl     3.53
| epoch   7 |  2800/ 2983 batches | lr 0.00031 | ms/batch 190.32 | loss  1.05 | ppl     3.33
-----------------------------------------------------------------------------------------
| end of epoch   7 | time: 587.99s | valid loss  0.91 | valid ppl     3.69
-----------------------------------------------------------------------------------------
| epoch   8 |   200/ 2983 batches | lr 0.00030 | ms/batch 192.34 | loss  1.00 | ppl     3.96
| epoch   8 |   400/ 2983 batches | lr 0.00030 | ms/batch 189.14 | loss  1.22 | ppl     3.97
| epoch   8 |   600/ 2983 batches | lr 0.00030 | ms/batch 191.36 | loss  1.14 | ppl     5.14
| epoch   8 |   800/ 2983 batches | lr 0.00030 | ms/batch 190.98 | loss  1.21 | ppl     3.80
| epoch   8 |  1000/ 2983 batches | lr 0.00030 | ms/batch 188.32 | loss  1.22 | ppl     4.55
| epoch   8 |  1200/ 2983 batches | lr 0.00030 | ms/batch 187.91 | loss  1.33 | ppl     5.53
| epoch   8 |  1400/ 2983 batches | lr 0.00030 | ms/batch 189.33 | loss  1.42 | ppl     5.71
| epoch   8 |  1600/ 2983 batches | lr 0.00029 | ms/batch 188.15 | loss  1.10 | ppl     4.66
| epoch   8 |  1800/ 2983 batches | lr 0.00029 | ms/batch 189.06 | loss  1.11 | ppl     4.88
| epoch   8 |  2000/ 2983 batches | lr 0.00029 | ms/batch 188.71 | loss  1.16 | ppl     4.59
| epoch   8 |  2200/ 2983 batches | lr 0.00029 | ms/batch 188.54 | loss  1.12 | ppl     4.04
| epoch   8 |  2400/ 2983 batches | lr 0.00029 | ms/batch 186.93 | loss  1.26 | ppl     4.16
| epoch   8 |  2600/ 2983 batches | lr 0.00029 | ms/batch 185.93 | loss  1.08 | ppl     3.44
| epoch   8 |  2800/ 2983 batches | lr 0.00029 | ms/batch 186.76 | loss  1.01 | ppl     3.19
-----------------------------------------------------------------------------------------
| end of epoch   8 | time: 583.90s | valid loss  0.88 | valid ppl     3.64
-----------------------------------------------------------------------------------------
| epoch   9 |   200/ 2983 batches | lr 0.00028 | ms/batch 189.99 | loss  1.01 | ppl     4.04
| epoch   9 |   400/ 2983 batches | lr 0.00028 | ms/batch 188.64 | loss  1.26 | ppl     4.13
| epoch   9 |   600/ 2983 batches | lr 0.00028 | ms/batch 188.92 | loss  1.12 | ppl     5.18
| epoch   9 |   800/ 2983 batches | lr 0.00028 | ms/batch 189.00 | loss  1.18 | ppl     3.65
| epoch   9 |  1000/ 2983 batches | lr 0.00028 | ms/batch 185.28 | loss  1.19 | ppl     4.41
| epoch   9 |  1200/ 2983 batches | lr 0.00028 | ms/batch 185.30 | loss  1.27 | ppl     5.25
| epoch   9 |  1400/ 2983 batches | lr 0.00028 | ms/batch 186.61 | loss  1.37 | ppl     5.46
| epoch   9 |  1600/ 2983 batches | lr 0.00028 | ms/batch 189.22 | loss  1.01 | ppl     4.37
| epoch   9 |  1800/ 2983 batches | lr 0.00028 | ms/batch 185.69 | loss  1.11 | ppl     4.92
| epoch   9 |  2000/ 2983 batches | lr 0.00027 | ms/batch 185.53 | loss  1.08 | ppl     4.35
| epoch   9 |  2200/ 2983 batches | lr 0.00027 | ms/batch 191.08 | loss  1.03 | ppl     3.74
| epoch   9 |  2400/ 2983 batches | lr 0.00027 | ms/batch 192.33 | loss  1.22 | ppl     3.99
| epoch   9 |  2600/ 2983 batches | lr 0.00027 | ms/batch 190.95 | loss  1.11 | ppl     3.56
| epoch   9 |  2800/ 2983 batches | lr 0.00027 | ms/batch 187.77 | loss  0.97 | ppl     3.10
-----------------------------------------------------------------------------------------
| end of epoch   9 | time: 582.14s | valid loss  0.87 | valid ppl     3.59
-----------------------------------------------------------------------------------------
| epoch  10 |   200/ 2983 batches | lr 0.00027 | ms/batch 189.15 | loss  0.95 | ppl     3.81
| epoch  10 |   400/ 2983 batches | lr 0.00027 | ms/batch 186.53 | loss  1.13 | ppl     3.68
| epoch  10 |   600/ 2983 batches | lr 0.00027 | ms/batch 187.47 | loss  1.08 | ppl     5.08
| epoch  10 |   800/ 2983 batches | lr 0.00027 | ms/batch 187.57 | loss  1.27 | ppl     4.04
| epoch  10 |  1000/ 2983 batches | lr 0.00026 | ms/batch 186.28 | loss  1.16 | ppl     4.42
| epoch  10 |  1200/ 2983 batches | lr 0.00026 | ms/batch 190.21 | loss  1.40 | ppl     6.08
| epoch  10 |  1400/ 2983 batches | lr 0.00026 | ms/batch 188.91 | loss  1.39 | ppl     5.58
| epoch  10 |  1600/ 2983 batches | lr 0.00026 | ms/batch 188.20 | loss  0.95 | ppl     4.15
| epoch  10 |  1800/ 2983 batches | lr 0.00026 | ms/batch 186.72 | loss  0.99 | ppl     4.44
| epoch  10 |  2000/ 2983 batches | lr 0.00026 | ms/batch 186.97 | loss  1.05 | ppl     4.24
| epoch  10 |  2200/ 2983 batches | lr 0.00026 | ms/batch 185.86 | loss  1.07 | ppl     3.91
| epoch  10 |  2400/ 2983 batches | lr 0.00026 | ms/batch 187.73 | loss  1.20 | ppl     3.89
| epoch  10 |  2600/ 2983 batches | lr 0.00026 | ms/batch 188.45 | loss  1.01 | ppl     3.24
| epoch  10 |  2800/ 2983 batches | lr 0.00026 | ms/batch 186.17 | loss  0.99 | ppl     3.15
-----------------------------------------------------------------------------------------
| end of epoch  10 | time: 579.88s | valid loss  0.87 | valid ppl     3.61
-----------------------------------------------------------------------------------------
=========================================================================================
| End of training | test loss  0.82 | test ppl     3.47
=========================================================================================