python main.py --cuda --model Transformer --epochs 10 --emsize 512 --nhid 1024 --nlayers 3 --nhead 8 --save model_2.pt
| epoch   1 |   200/ 2983 batches | lr 0.00004 | ms/batch 106.29 | loss  8.51 | ppl  6074.21
| epoch   1 |   400/ 2983 batches | lr 0.00007 | ms/batch 103.68 | loss  7.22 | ppl  1499.89
| epoch   1 |   600/ 2983 batches | lr 0.00010 | ms/batch 104.71 | loss  6.71 | ppl  1140.75
| epoch   1 |   800/ 2983 batches | lr 0.00014 | ms/batch 104.97 | loss  6.75 | ppl   926.28
| epoch   1 |  1000/ 2983 batches | lr 0.00017 | ms/batch 104.32 | loss  5.89 | ppl   448.65
| epoch   1 |  1200/ 2983 batches | lr 0.00021 | ms/batch 103.49 | loss  4.98 | ppl   200.37
| epoch   1 |  1400/ 2983 batches | lr 0.00024 | ms/batch 101.81 | loss  4.00 | ppl    69.94
| epoch   1 |  1600/ 2983 batches | lr 0.00028 | ms/batch 102.66 | loss  3.08 | ppl    33.58
| epoch   1 |  1800/ 2983 batches | lr 0.00031 | ms/batch 102.12 | loss  2.79 | ppl    25.32
| epoch   1 |  2000/ 2983 batches | lr 0.00035 | ms/batch 103.11 | loss  2.34 | ppl    14.47
| epoch   1 |  2200/ 2983 batches | lr 0.00038 | ms/batch 102.62 | loss  1.98 | ppl     9.16
| epoch   1 |  2400/ 2983 batches | lr 0.00042 | ms/batch 103.39 | loss  1.96 | ppl     8.17
| epoch   1 |  2600/ 2983 batches | lr 0.00045 | ms/batch 104.05 | loss  1.74 | ppl     6.47
| epoch   1 |  2800/ 2983 batches | lr 0.00049 | ms/batch 101.55 | loss  1.49 | ppl     4.93
-----------------------------------------------------------------------------------------
| end of epoch   1 | time: 320.53s | valid loss  1.40 | valid ppl     5.42
-----------------------------------------------------------------------------------------
| epoch   2 |   200/ 2983 batches | lr 0.00056 | ms/batch 111.16 | loss  1.43 | ppl     5.73
| epoch   2 |   400/ 2983 batches | lr 0.00059 | ms/batch 107.63 | loss  1.62 | ppl     5.77
| epoch   2 |   600/ 2983 batches | lr 0.00063 | ms/batch 105.00 | loss  1.35 | ppl     5.76
| epoch   2 |   800/ 2983 batches | lr 0.00066 | ms/batch 104.31 | loss  1.65 | ppl     5.72
| epoch   2 |  1000/ 2983 batches | lr 0.00070 | ms/batch 103.01 | loss  1.40 | ppl     5.08
| epoch   2 |  1200/ 2983 batches | lr 0.00068 | ms/batch 104.14 | loss  1.50 | ppl     6.15
| epoch   2 |  1400/ 2983 batches | lr 0.00067 | ms/batch 104.41 | loss  1.54 | ppl     5.98
| epoch   2 |  1600/ 2983 batches | lr 0.00065 | ms/batch 102.36 | loss  1.18 | ppl     4.59
| epoch   2 |  1800/ 2983 batches | lr 0.00064 | ms/batch 103.74 | loss  1.11 | ppl     4.52
| epoch   2 |  2000/ 2983 batches | lr 0.00063 | ms/batch 103.25 | loss  1.17 | ppl     4.42
| epoch   2 |  2200/ 2983 batches | lr 0.00061 | ms/batch 105.03 | loss  1.09 | ppl     3.71
| epoch   2 |  2400/ 2983 batches | lr 0.00060 | ms/batch 105.19 | loss  1.26 | ppl     4.03
| epoch   2 |  2600/ 2983 batches | lr 0.00059 | ms/batch 104.00 | loss  1.07 | ppl     3.31
| epoch   2 |  2800/ 2983 batches | lr 0.00058 | ms/batch 105.30 | loss  0.93 | ppl     2.89
-----------------------------------------------------------------------------------------
| end of epoch   2 | time: 325.03s | valid loss  0.92 | valid ppl     3.53
-----------------------------------------------------------------------------------------
| epoch   3 |   200/ 2983 batches | lr 0.00056 | ms/batch 104.71 | loss  0.93 | ppl     3.53
| epoch   3 |   400/ 2983 batches | lr 0.00055 | ms/batch 105.39 | loss  1.19 | ppl     3.76
| epoch   3 |   600/ 2983 batches | lr 0.00055 | ms/batch 103.84 | loss  1.00 | ppl     4.17
| epoch   3 |   800/ 2983 batches | lr 0.00054 | ms/batch 102.22 | loss  1.18 | ppl     3.61
| epoch   3 |  1000/ 2983 batches | lr 0.00053 | ms/batch 103.29 | loss  1.12 | ppl     3.93
| epoch   3 |  1200/ 2983 batches | lr 0.00052 | ms/batch 104.53 | loss  1.11 | ppl     4.24
| epoch   3 |  1400/ 2983 batches | lr 0.00051 | ms/batch 108.42 | loss  1.20 | ppl     4.41
| epoch   3 |  1600/ 2983 batches | lr 0.00051 | ms/batch 106.58 | loss  0.93 | ppl     3.89
| epoch   3 |  1800/ 2983 batches | lr 0.00050 | ms/batch 106.52 | loss  0.94 | ppl     3.80
| epoch   3 |  2000/ 2983 batches | lr 0.00050 | ms/batch 107.29 | loss  0.98 | ppl     3.80
| epoch   3 |  2200/ 2983 batches | lr 0.00049 | ms/batch 102.18 | loss  0.97 | ppl     3.30
| epoch   3 |  2400/ 2983 batches | lr 0.00048 | ms/batch 103.68 | loss  1.11 | ppl     3.48
| epoch   3 |  2600/ 2983 batches | lr 0.00048 | ms/batch 104.38 | loss  0.96 | ppl     2.99
| epoch   3 |  2800/ 2983 batches | lr 0.00047 | ms/batch 103.01 | loss  0.85 | ppl     2.65
-----------------------------------------------------------------------------------------
| end of epoch   3 | time: 324.70s | valid loss  0.81 | valid ppl     3.20
-----------------------------------------------------------------------------------------
| epoch   4 |   200/ 2983 batches | lr 0.00046 | ms/batch 106.24 | loss  0.84 | ppl     3.33
| epoch   4 |   400/ 2983 batches | lr 0.00046 | ms/batch 104.47 | loss  1.14 | ppl     3.56
| epoch   4 |   600/ 2983 batches | lr 0.00045 | ms/batch 103.48 | loss  0.92 | ppl     3.97
| epoch   4 |   800/ 2983 batches | lr 0.00045 | ms/batch 103.21 | loss  1.04 | ppl     3.17
| epoch   4 |  1000/ 2983 batches | lr 0.00044 | ms/batch 103.44 | loss  1.04 | ppl     3.76
| epoch   4 |  1200/ 2983 batches | lr 0.00044 | ms/batch 105.31 | loss  1.05 | ppl     4.01
| epoch   4 |  1400/ 2983 batches | lr 0.00043 | ms/batch 103.98 | loss  1.13 | ppl     4.15
| epoch   4 |  1600/ 2983 batches | lr 0.00043 | ms/batch 104.27 | loss  0.80 | ppl     3.42
| epoch   4 |  1800/ 2983 batches | lr 0.00043 | ms/batch 103.03 | loss  0.94 | ppl     3.93
| epoch   4 |  2000/ 2983 batches | lr 0.00042 | ms/batch 102.06 | loss  0.91 | ppl     3.70
| epoch   4 |  2200/ 2983 batches | lr 0.00042 | ms/batch 102.54 | loss  0.87 | ppl     3.09
| epoch   4 |  2400/ 2983 batches | lr 0.00041 | ms/batch 104.03 | loss  1.02 | ppl     3.22
| epoch   4 |  2600/ 2983 batches | lr 0.00041 | ms/batch 102.93 | loss  0.89 | ppl     2.81
| epoch   4 |  2800/ 2983 batches | lr 0.00041 | ms/batch 102.75 | loss  0.89 | ppl     2.78
-----------------------------------------------------------------------------------------
| end of epoch   4 | time: 321.41s | valid loss  0.78 | valid ppl     3.18
-----------------------------------------------------------------------------------------
| epoch   5 |   200/ 2983 batches | lr 0.00040 | ms/batch 105.42 | loss  0.73 | ppl     2.99
| epoch   5 |   400/ 2983 batches | lr 0.00040 | ms/batch 103.91 | loss  1.08 | ppl     3.44
| epoch   5 |   600/ 2983 batches | lr 0.00039 | ms/batch 102.52 | loss  0.99 | ppl     4.33
| epoch   5 |   800/ 2983 batches | lr 0.00039 | ms/batch 102.76 | loss  0.99 | ppl     2.99
| epoch   5 |  1000/ 2983 batches | lr 0.00039 | ms/batch 107.44 | loss  0.96 | ppl     3.49
| epoch   5 |  1200/ 2983 batches | lr 0.00039 | ms/batch 103.49 | loss  1.02 | ppl     4.01
| epoch   5 |  1400/ 2983 batches | lr 0.00038 | ms/batch 102.33 | loss  1.18 | ppl     4.34
| epoch   5 |  1600/ 2983 batches | lr 0.00038 | ms/batch 119.57 | loss  0.81 | ppl     3.58
| epoch   5 |  1800/ 2983 batches | lr 0.00038 | ms/batch 107.32 | loss  0.92 | ppl     3.87
| epoch   5 |  2000/ 2983 batches | lr 0.00037 | ms/batch 108.03 | loss  0.89 | ppl     3.55
| epoch   5 |  2200/ 2983 batches | lr 0.00037 | ms/batch 103.61 | loss  0.87 | ppl     3.12
| epoch   5 |  2400/ 2983 batches | lr 0.00037 | ms/batch 102.37 | loss  1.08 | ppl     3.48
| epoch   5 |  2600/ 2983 batches | lr 0.00037 | ms/batch 102.77 | loss  0.89 | ppl     2.79
| epoch   5 |  2800/ 2983 batches | lr 0.00036 | ms/batch 101.99 | loss  0.84 | ppl     2.67
-----------------------------------------------------------------------------------------
| end of epoch   5 | time: 325.74s | valid loss  0.76 | valid ppl     3.23
-----------------------------------------------------------------------------------------
| epoch   6 |   200/ 2983 batches | lr 0.00036 | ms/batch 108.54 | loss  0.76 | ppl     3.07
| epoch   6 |   400/ 2983 batches | lr 0.00036 | ms/batch 104.25 | loss  0.96 | ppl     3.04
| epoch   6 |   600/ 2983 batches | lr 0.00035 | ms/batch 103.26 | loss  0.84 | ppl     3.73
| epoch   6 |   800/ 2983 batches | lr 0.00035 | ms/batch 106.35 | loss  0.97 | ppl     2.98
| epoch   6 |  1000/ 2983 batches | lr 0.00035 | ms/batch 102.74 | loss  0.91 | ppl     3.38
| epoch   6 |  1200/ 2983 batches | lr 0.00035 | ms/batch 103.10 | loss  0.96 | ppl     3.79
| epoch   6 |  1400/ 2983 batches | lr 0.00035 | ms/batch 105.15 | loss  1.04 | ppl     3.87
| epoch   6 |  1600/ 2983 batches | lr 0.00034 | ms/batch 107.07 | loss  0.76 | ppl     3.43
| epoch   6 |  1800/ 2983 batches | lr 0.00034 | ms/batch 104.59 | loss  0.85 | ppl     3.94
| epoch   6 |  2000/ 2983 batches | lr 0.00034 | ms/batch 103.23 | loss  0.80 | ppl     3.24
| epoch   6 |  2200/ 2983 batches | lr 0.00034 | ms/batch 103.19 | loss  0.87 | ppl     3.10
| epoch   6 |  2400/ 2983 batches | lr 0.00034 | ms/batch 102.45 | loss  0.97 | ppl     3.07
| epoch   6 |  2600/ 2983 batches | lr 0.00033 | ms/batch 104.50 | loss  0.82 | ppl     2.62
| epoch   6 |  2800/ 2983 batches | lr 0.00033 | ms/batch 105.02 | loss  0.79 | ppl     2.58
-----------------------------------------------------------------------------------------
| end of epoch   6 | time: 324.04s | valid loss  0.74 | valid ppl     3.18
-----------------------------------------------------------------------------------------
| epoch   7 |   200/ 2983 batches | lr 0.00033 | ms/batch 111.63 | loss  0.70 | ppl     2.94
| epoch   7 |   400/ 2983 batches | lr 0.00033 | ms/batch 106.08 | loss  0.94 | ppl     3.04
| epoch   7 |   600/ 2983 batches | lr 0.00032 | ms/batch 105.19 | loss  0.86 | ppl     4.15
| epoch   7 |   800/ 2983 batches | lr 0.00032 | ms/batch 103.61 | loss  0.92 | ppl     2.86
| epoch   7 |  1000/ 2983 batches | lr 0.00032 | ms/batch 104.91 | loss  0.85 | ppl     3.16
| epoch   7 |  1200/ 2983 batches | lr 0.00032 | ms/batch 104.58 | loss  0.87 | ppl     3.49
| epoch   7 |  1400/ 2983 batches | lr 0.00032 | ms/batch 104.29 | loss  1.08 | ppl     4.11
| epoch   7 |  1600/ 2983 batches | lr 0.00032 | ms/batch 104.11 | loss  0.74 | ppl     3.38
| epoch   7 |  1800/ 2983 batches | lr 0.00031 | ms/batch 105.34 | loss  0.86 | ppl     3.91
| epoch   7 |  2000/ 2983 batches | lr 0.00031 | ms/batch 105.93 | loss  0.82 | ppl     3.39
| epoch   7 |  2200/ 2983 batches | lr 0.00031 | ms/batch 102.65 | loss  0.89 | ppl     3.22
| epoch   7 |  2400/ 2983 batches | lr 0.00031 | ms/batch 103.50 | loss  0.97 | ppl     3.11
| epoch   7 |  2600/ 2983 batches | lr 0.00031 | ms/batch 103.11 | loss  0.80 | ppl     2.62
| epoch   7 |  2800/ 2983 batches | lr 0.00031 | ms/batch 102.83 | loss  0.70 | ppl     2.35
-----------------------------------------------------------------------------------------
| end of epoch   7 | time: 325.04s | valid loss  0.75 | valid ppl     3.25
-----------------------------------------------------------------------------------------
| epoch   8 |   200/ 2983 batches | lr 0.00030 | ms/batch 104.27 | loss  0.74 | ppl     3.03
| epoch   8 |   400/ 2983 batches | lr 0.00030 | ms/batch 102.85 | loss  0.88 | ppl     2.89
| epoch   8 |   600/ 2983 batches | lr 0.00030 | ms/batch 108.28 | loss  0.85 | ppl     3.89
| epoch   8 |   800/ 2983 batches | lr 0.00030 | ms/batch 111.62 | loss  0.90 | ppl     2.80
| epoch   8 |  1000/ 2983 batches | lr 0.00030 | ms/batch 115.47 | loss  0.83 | ppl     3.14
| epoch   8 |  1200/ 2983 batches | lr 0.00030 | ms/batch 108.01 | loss  0.91 | ppl     3.76
| epoch   8 |  1400/ 2983 batches | lr 0.00030 | ms/batch 105.58 | loss  1.11 | ppl     4.15
| epoch   8 |  1600/ 2983 batches | lr 0.00029 | ms/batch 104.08 | loss  0.75 | ppl     3.56
| epoch   8 |  1800/ 2983 batches | lr 0.00029 | ms/batch 105.42 | loss  0.86 | ppl     3.78
| epoch   8 |  2000/ 2983 batches | lr 0.00029 | ms/batch 105.26 | loss  0.87 | ppl     3.58
| epoch   8 |  2200/ 2983 batches | lr 0.00029 | ms/batch 106.59 | loss  0.88 | ppl     3.19
| epoch   8 |  2400/ 2983 batches | lr 0.00029 | ms/batch 105.50 | loss  0.92 | ppl     2.96
| epoch   8 |  2600/ 2983 batches | lr 0.00029 | ms/batch 105.17 | loss  0.78 | ppl     2.58
| epoch   8 |  2800/ 2983 batches | lr 0.00029 | ms/batch 105.15 | loss  0.71 | ppl     2.39
-----------------------------------------------------------------------------------------
| end of epoch   8 | time: 330.40s | valid loss  0.73 | valid ppl     3.21
-----------------------------------------------------------------------------------------
| epoch   9 |   200/ 2983 batches | lr 0.00028 | ms/batch 108.85 | loss  0.71 | ppl     3.06
| epoch   9 |   400/ 2983 batches | lr 0.00028 | ms/batch 106.84 | loss  0.87 | ppl     2.82
| epoch   9 |   600/ 2983 batches | lr 0.00028 | ms/batch 105.14 | loss  0.83 | ppl     3.82
| epoch   9 |   800/ 2983 batches | lr 0.00028 | ms/batch 104.88 | loss  0.87 | ppl     2.69
| epoch   9 |  1000/ 2983 batches | lr 0.00028 | ms/batch 106.03 | loss  0.85 | ppl     3.15
| epoch   9 |  1200/ 2983 batches | lr 0.00028 | ms/batch 106.51 | loss  0.92 | ppl     3.78
| epoch   9 |  1400/ 2983 batches | lr 0.00028 | ms/batch 104.34 | loss  1.03 | ppl     4.00
| epoch   9 |  1600/ 2983 batches | lr 0.00028 | ms/batch 105.35 | loss  0.76 | ppl     3.58
| epoch   9 |  1800/ 2983 batches | lr 0.00028 | ms/batch 105.44 | loss  0.88 | ppl     4.07
| epoch   9 |  2000/ 2983 batches | lr 0.00027 | ms/batch 108.52 | loss  0.81 | ppl     3.47
| epoch   9 |  2200/ 2983 batches | lr 0.00027 | ms/batch 109.16 | loss  0.81 | ppl     2.98
| epoch   9 |  2400/ 2983 batches | lr 0.00027 | ms/batch 109.50 | loss  0.87 | ppl     2.81
| epoch   9 |  2600/ 2983 batches | lr 0.00027 | ms/batch 110.73 | loss  0.71 | ppl     2.40
| epoch   9 |  2800/ 2983 batches | lr 0.00027 | ms/batch 108.65 | loss  0.66 | ppl     2.24
-----------------------------------------------------------------------------------------
| end of epoch   9 | time: 332.58s | valid loss  0.69 | valid ppl     3.15
-----------------------------------------------------------------------------------------
| epoch  10 |   200/ 2983 batches | lr 0.00027 | ms/batch 108.99 | loss  0.64 | ppl     2.85
| epoch  10 |   400/ 2983 batches | lr 0.00027 | ms/batch 108.50 | loss  0.95 | ppl     3.05
| epoch  10 |   600/ 2983 batches | lr 0.00027 | ms/batch 108.60 | loss  0.82 | ppl     3.87
| epoch  10 |   800/ 2983 batches | lr 0.00027 | ms/batch 114.75 | loss  0.82 | ppl     2.58
| epoch  10 |  1000/ 2983 batches | lr 0.00026 | ms/batch 116.13 | loss  0.84 | ppl     3.29
| epoch  10 |  1200/ 2983 batches | lr 0.00026 | ms/batch 108.17 | loss  0.94 | ppl     3.93
| epoch  10 |  1400/ 2983 batches | lr 0.00026 | ms/batch 109.47 | loss  1.08 | ppl     4.20
| epoch  10 |  1600/ 2983 batches | lr 0.00026 | ms/batch 109.14 | loss  0.79 | ppl     3.58
| epoch  10 |  1800/ 2983 batches | lr 0.00026 | ms/batch 107.78 | loss  0.81 | ppl     3.95
| epoch  10 |  2000/ 2983 batches | lr 0.00026 | ms/batch 108.57 | loss  0.75 | ppl     3.35
| epoch  10 |  2200/ 2983 batches | lr 0.00026 | ms/batch 108.66 | loss  0.82 | ppl     3.02
| epoch  10 |  2400/ 2983 batches | lr 0.00026 | ms/batch 111.95 | loss  0.88 | ppl     2.86
| epoch  10 |  2600/ 2983 batches | lr 0.00026 | ms/batch 107.82 | loss  0.73 | ppl     2.41
| epoch  10 |  2800/ 2983 batches | lr 0.00026 | ms/batch 109.01 | loss  0.68 | ppl     2.34
-----------------------------------------------------------------------------------------
| end of epoch  10 | time: 340.24s | valid loss  0.69 | valid ppl     3.11
-----------------------------------------------------------------------------------------
=========================================================================================
| End of training | test loss  0.65 | test ppl     3.04
=========================================================================================